<?xml version="1.0" encoding="UTF-8"?>
<!-- Generated by org.testng.reporters.JUnitXMLReporter -->
<testsuite hostname="Saravana" name="IE Test for admin user" tests="10" failures="0" timestamp="14 Apr 2020 17:59:46 GMT" time="23.384" errors="0">
  <testcase name="@BeforeMethod setUp" time="0.0" classname="testcase.LoginPageTest">
    <failure type="java.lang.AssertionError" message="expected [true] but found [false]">
      <![CDATA[java.lang.AssertionError: expected [true] but found [false]
	at base.TestBase.initializeBrowser(TestBase.java:105)
	at testcase.LoginPageTest.setUp(LoginPageTest.java:25)
... Removed 33 stack frames]]>
    </failure>
  </testcase> <!-- @BeforeMethod setUp -->
  <testcase name="@AfterMethod quit" time="0.0" classname="testcase.LoginPageTest">
    <skipped/>
  </testcase> <!-- @AfterMethod quit -->
  <testcase name="@BeforeMethod setUp" time="0.0" classname="testcase.EnterTimeTrackPageTest">
    <failure type="java.lang.AssertionError" message="expected [true] but found [false]">
      <![CDATA[java.lang.AssertionError: expected [true] but found [false]
	at base.TestBase.initializeBrowser(TestBase.java:105)
	at testcase.EnterTimeTrackPageTest.setUp(EnterTimeTrackPageTest.java:35)
... Removed 33 stack frames]]>
    </failure>
  </testcase> <!-- @BeforeMethod setUp -->
  <testcase name="@AfterMethod quit" time="0.0" classname="testcase.EnterTimeTrackPageTest">
    <skipped/>
  </testcase> <!-- @AfterMethod quit -->
  <testcase name="@BeforeMethod setUp" time="0.0" classname="testcase.EnterTimeTrackPageTest">
    <skipped/>
  </testcase> <!-- @BeforeMethod setUp -->
  <testcase name="@AfterMethod quit" time="0.0" classname="testcase.EnterTimeTrackPageTest">
    <skipped/>
  </testcase> <!-- @AfterMethod quit -->
  <testcase name="@BeforeMethod setUp" time="0.0" classname="testcase.EnterTimeTrackPageTest">
    <skipped/>
  </testcase> <!-- @BeforeMethod setUp -->
  <testcase name="@AfterMethod quit" time="0.0" classname="testcase.EnterTimeTrackPageTest">
    <skipped/>
  </testcase> <!-- @AfterMethod quit -->
  <testcase name="@BeforeMethod setUp" time="0.0" classname="testcase.EnterTimeTrackPageTest">
    <skipped/>
  </testcase> <!-- @BeforeMethod setUp -->
  <testcase name="@AfterMethod quit" time="0.0" classname="testcase.EnterTimeTrackPageTest">
    <skipped/>
  </testcase> <!-- @AfterMethod quit -->
  <testcase name="@BeforeMethod setUp" time="0.0" classname="testcase.EnterTimeTrackPageTest">
    <skipped/>
  </testcase> <!-- @BeforeMethod setUp -->
  <testcase name="@AfterMethod quit" time="0.0" classname="testcase.EnterTimeTrackPageTest">
    <skipped/>
  </testcase> <!-- @AfterMethod quit -->
  <testcase name="@BeforeMethod setUp" time="0.0" classname="testcase.EnterTimeTrackPageTest">
    <skipped/>
  </testcase> <!-- @BeforeMethod setUp -->
  <testcase name="@AfterMethod quit" time="0.0" classname="testcase.EnterTimeTrackPageTest">
    <skipped/>
  </testcase> <!-- @AfterMethod quit -->
  <testcase name="validatePageTitleTest" time="0.001" classname="testcase.LoginPageTest">
    <skipped/>
  </testcase> <!-- validatePageTitleTest -->
  <testcase name="validateActiTimeLogoTest" time="0.0" classname="testcase.LoginPageTest">
    <skipped/>
  </testcase> <!-- validateActiTimeLogoTest -->
  <testcase name="validateLoginTest" time="0.0" classname="testcase.LoginPageTest">
    <skipped/>
  </testcase> <!-- validateLoginTest -->
  <testcase name="validateLogout" time="0.0" classname="testcase.LoginPageTest">
    <skipped/>
  </testcase> <!-- validateLogout -->
  <testcase name="validateUserLinkTextTest" time="0.0" classname="testcase.EnterTimeTrackPageTest">
    <skipped/>
  </testcase> <!-- validateUserLinkTextTest -->
  <testcase name="validateUserLinkTest" time="0.001" classname="testcase.EnterTimeTrackPageTest">
    <skipped/>
  </testcase> <!-- validateUserLinkTest -->
  <testcase name="validateFirstNameText" time="0.001" classname="testcase.EnterTimeTrackPageTest">
    <skipped/>
  </testcase> <!-- validateFirstNameText -->
  <testcase name="validateLastNameText" time="0.001" classname="testcase.EnterTimeTrackPageTest">
    <skipped/>
  </testcase> <!-- validateLastNameText -->
  <testcase name="validateEmailText" time="0.001" classname="testcase.EnterTimeTrackPageTest">
    <skipped/>
  </testcase> <!-- validateEmailText -->
  <testcase name="validateUserNameText" time="0.0" classname="testcase.EnterTimeTrackPageTest">
    <skipped/>
  </testcase> <!-- validateUserNameText -->
</testsuite> <!-- IE Test for admin user -->
