<?xml version="1.0" encoding="UTF-8"?>
<!-- Generated by org.testng.reporters.JUnitXMLReporter -->
<testsuite hostname="Saravana" name="Test" tests="5" failures="1" timestamp="20 Jan 2020 18:10:14 GMT" time="123.491" errors="0">
  <testcase name="validatePageTitleTest" time="0.029" classname="testcase.LoginPageTest">
    <skipped/>
  </testcase> <!-- validatePageTitleTest -->
  <testcase name="validatePageTitleTest" time="0.038" classname="testcase.LoginPageTest">
    <skipped/>
  </testcase> <!-- validatePageTitleTest -->
  <testcase name="validatePageTitleTest" time="0.02" classname="testcase.LoginPageTest">
    <failure type="java.lang.AssertionError" message="expected [actiTIME - Login1] but found [actiTIME - Login]">
      <![CDATA[java.lang.AssertionError: expected [actiTIME - Login1] but found [actiTIME - Login]
	at testcase.LoginPageTest.validatePageTitleTest(LoginPageTest.java:37)
... Removed 30 stack frames]]>
    </failure>
  </testcase> <!-- validatePageTitleTest -->
  <testcase name="validateActiTimeLogoTest" time="0.111" classname="testcase.LoginPageTest"/>
  <testcase name="validateLoginTest" time="2.521" classname="testcase.LoginPageTest"/>
</testsuite> <!-- Test -->
