<!DOCTYPE html PUBLIC "-//W3C//DTD XHTML 1.1//EN" "http://www.w3.org/TR/xhtml11/DTD/xhtml11.dtd">
<html xmlns="http://www.w3.org/1999/xhtml"><head><title>TestNG Report</title><style type="text/css">table {margin-bottom:10px;border-collapse:collapse;empty-cells:show}th,td {border:1px solid #009;padding:.25em .5em}th {vertical-align:bottom}td {vertical-align:top}table a {font-weight:bold}.stripe td {background-color: #E6EBF9}.num {text-align:right}.passedodd td {background-color: #3F3}.passedeven td {background-color: #0A0}.skippedodd td {background-color: #DDD}.skippedeven td {background-color: #CCC}.failedodd td,.attn {background-color: #F33}.failedeven td,.stripe .attn {background-color: #D00}.stacktrace {white-space:pre;font-family:monospace}.totop {font-size:85%;text-align:center;border-bottom:2px solid #000}</style></head><body><table><tr><th>Test</th><th># Passed</th><th># Skipped</th><th># Failed</th><th>Time (ms)</th><th>Included Groups</th><th>Excluded Groups</th></tr><tr><th colspan="7">Actitime Regression Suite</th></tr><tr><td><a href="#t0">IE Test for non admin user</a></td><td class="num">0</td><td class="num attn">10</td><td class="num">0</td><td class="num">24,013</td><td>Functional, Sanity, non admin</td><td></td></tr><tr class="stripe"><td><a href="#t1">IE Test for admin user</a></td><td class="num">0</td><td class="num attn">10</td><td class="num">0</td><td class="num">23,384</td><td>Functional, Sanity, admin</td><td></td></tr><tr><th>Total</th><th class="num">0</th><th class="num attn">20</th><th class="num">0</th><th class="num">47,397</th><th colspan="2"></th></tr></table><table><thead><tr><th>Class</th><th>Method</th><th>Start</th><th>Time (ms)</th></tr></thead><tbody><tr><th colspan="4">Actitime Regression Suite</th></tr></tbody><tbody id="t0"><tr><th colspan="4">IE Test for non admin user &#8212; failed (configuration methods)</th></tr><tr class="failedeven"><td rowspan="1">testcase.EnterTimeTrackPageTest</td><td><a href="#m0">setUp</a></td><td rowspan="1">1586887148398</td><td rowspan="1">0</td></tr><tr class="failedodd"><td rowspan="1">testcase.LoginPageTest</td><td><a href="#m1">setUp</a></td><td rowspan="1">1586887135521</td><td rowspan="1">0</td></tr><tr><th colspan="4">IE Test for non admin user &#8212; skipped (configuration methods)</th></tr><tr class="skippedeven"><td rowspan="11">testcase.EnterTimeTrackPageTest</td><td><a href="#m2">quit</a></td><td rowspan="6">1586887159321</td><td rowspan="6">0</td></tr><tr class="skippedeven"><td><a href="#m3">quit</a></td></tr><tr class="skippedeven"><td><a href="#m4">quit</a></td></tr><tr class="skippedeven"><td><a href="#m5">quit</a></td></tr><tr class="skippedeven"><td><a href="#m6">quit</a></td></tr><tr class="skippedeven"><td><a href="#m7">quit</a></td></tr><tr class="skippedeven"><td><a href="#m8">setUp</a></td><td rowspan="5">1586887159318</td><td rowspan="5">0</td></tr><tr class="skippedeven"><td><a href="#m9">setUp</a></td></tr><tr class="skippedeven"><td><a href="#m10">setUp</a></td></tr><tr class="skippedeven"><td><a href="#m11">setUp</a></td></tr><tr class="skippedeven"><td><a href="#m12">setUp</a></td></tr><tr class="skippedodd"><td rowspan="1">testcase.LoginPageTest</td><td><a href="#m13">quit</a></td><td rowspan="1">1586887148384</td><td rowspan="1">4</td></tr><tr><th colspan="4">IE Test for non admin user &#8212; skipped</th></tr><tr class="skippedeven"><td rowspan="6">testcase.EnterTimeTrackPageTest</td><td><a href="#m14">validateEmailText</a></td><td rowspan="1">1586887159318</td><td rowspan="1">1</td></tr><tr class="skippedeven"><td><a href="#m15">validateFirstNameText</a></td><td rowspan="1">1586887159313</td><td rowspan="1">1</td></tr><tr class="skippedeven"><td><a href="#m16">validateLastNameText</a></td><td rowspan="1">1586887159316</td><td rowspan="1">0</td></tr><tr class="skippedeven"><td><a href="#m17">validateUserLinkTest</a></td><td rowspan="1">1586887159311</td><td rowspan="1">0</td></tr><tr class="skippedeven"><td><a href="#m18">validateUserLinkTextTest</a></td><td rowspan="1">1586887159308</td><td rowspan="1">0</td></tr><tr class="skippedeven"><td><a href="#m19">validateUserNameText</a></td><td rowspan="1">1586887159320</td><td rowspan="1">1</td></tr><tr class="skippedodd"><td rowspan="4">testcase.LoginPageTest</td><td><a href="#m20">validateActiTimeLogoTest</a></td><td rowspan="1">1586887148390</td><td rowspan="1">0</td></tr><tr class="skippedodd"><td><a href="#m21">validateLoginTest</a></td><td rowspan="1">1586887148391</td><td rowspan="1">0</td></tr><tr class="skippedodd"><td><a href="#m22">validateLogout</a></td><td rowspan="1">1586887148392</td><td rowspan="1">0</td></tr><tr class="skippedodd"><td><a href="#m23">validatePageTitleTest</a></td><td rowspan="1">1586887148377</td><td rowspan="1">5</td></tr></tbody><tbody id="t1"><tr><th colspan="4">IE Test for admin user &#8212; failed (configuration methods)</th></tr><tr class="failedeven"><td rowspan="1">testcase.EnterTimeTrackPageTest</td><td><a href="#m24">setUp</a></td><td rowspan="1">1586887173658</td><td rowspan="1">0</td></tr><tr class="failedodd"><td rowspan="1">testcase.LoginPageTest</td><td><a href="#m25">setUp</a></td><td rowspan="1">1586887162708</td><td rowspan="1">0</td></tr><tr><th colspan="4">IE Test for admin user &#8212; skipped (configuration methods)</th></tr><tr class="skippedeven"><td rowspan="11">testcase.EnterTimeTrackPageTest</td><td><a href="#m26">quit</a></td><td rowspan="6">1586887186058</td><td rowspan="6">0</td></tr><tr class="skippedeven"><td><a href="#m27">quit</a></td></tr><tr class="skippedeven"><td><a href="#m28">quit</a></td></tr><tr class="skippedeven"><td><a href="#m29">quit</a></td></tr><tr class="skippedeven"><td><a href="#m30">quit</a></td></tr><tr class="skippedeven"><td><a href="#m31">quit</a></td></tr><tr class="skippedeven"><td><a href="#m32">setUp</a></td><td rowspan="5">1586887186059</td><td rowspan="5">0</td></tr><tr class="skippedeven"><td><a href="#m33">setUp</a></td></tr><tr class="skippedeven"><td><a href="#m34">setUp</a></td></tr><tr class="skippedeven"><td><a href="#m35">setUp</a></td></tr><tr class="skippedeven"><td><a href="#m36">setUp</a></td></tr><tr class="skippedodd"><td rowspan="1">testcase.LoginPageTest</td><td><a href="#m37">quit</a></td><td rowspan="1">1586887173654</td><td rowspan="1">0</td></tr><tr><th colspan="4">IE Test for admin user &#8212; skipped</th></tr><tr class="skippedeven"><td rowspan="6">testcase.EnterTimeTrackPageTest</td><td><a href="#m38">validateEmailText</a></td><td rowspan="1">1586887186067</td><td rowspan="1">1</td></tr><tr class="skippedeven"><td><a href="#m39">validateFirstNameText</a></td><td rowspan="1">1586887186061</td><td rowspan="1">1</td></tr><tr class="skippedeven"><td><a href="#m40">validateLastNameText</a></td><td rowspan="1">1586887186064</td><td rowspan="1">1</td></tr><tr class="skippedeven"><td><a href="#m41">validateUserLinkTest</a></td><td rowspan="1">1586887186059</td><td rowspan="1">1</td></tr><tr class="skippedeven"><td><a href="#m42">validateUserLinkTextTest</a></td><td rowspan="1">1586887186057</td><td rowspan="1">0</td></tr><tr class="skippedeven"><td><a href="#m43">validateUserNameText</a></td><td rowspan="1">1586887186072</td><td rowspan="1">0</td></tr><tr class="skippedodd"><td rowspan="4">testcase.LoginPageTest</td><td><a href="#m44">validateActiTimeLogoTest</a></td><td rowspan="1">1586887173655</td><td rowspan="1">0</td></tr><tr class="skippedodd"><td><a href="#m45">validateLoginTest</a></td><td rowspan="1">1586887173655</td><td rowspan="1">0</td></tr><tr class="skippedodd"><td><a href="#m46">validateLogout</a></td><td rowspan="1">1586887173656</td><td rowspan="1">0</td></tr><tr class="skippedodd"><td><a href="#m47">validatePageTitleTest</a></td><td rowspan="1">1586887173652</td><td rowspan="1">1</td></tr></tbody></table><h2>IE Test for non admin user</h2><h3 id="m0">testcase.EnterTimeTrackPageTest#setUp</h3><table class="result"><tr class="param"><th>Parameter #1</th><th>Parameter #2</th></tr><tr class="param stripe"><td>ie</td><td>non admin</td></tr><tr><th colspan="2">Messages</th></tr><tr><td colspan="2"><div class="messages">Property file loaded successfully<br/>Initializing edge browser</div></td></tr><tr><th colspan="2">Exception</th></tr><tr><td colspan="2"><div class="stacktrace">java.lang.AssertionError: expected [true] but found [false]
	at base.TestBase.initializeBrowser(TestBase.java:105)
	at testcase.EnterTimeTrackPageTest.setUp(EnterTimeTrackPageTest.java:35)
... Removed 33 stack frames</div></td></tr></table><p class="totop"><a href="#summary">back to summary</a></p><h3 id="m1">testcase.LoginPageTest#setUp</h3><table class="result"><tr class="param"><th>Parameter #1</th><th>Parameter #2</th></tr><tr class="param stripe"><td>ie</td><td>non admin</td></tr><tr><th colspan="2">Messages</th></tr><tr><td colspan="2"><div class="messages">Property file loaded successfully<br/>Initializing edge browser</div></td></tr><tr><th colspan="2">Exception</th></tr><tr><td colspan="2"><div class="stacktrace">java.lang.AssertionError: expected [true] but found [false]
	at base.TestBase.initializeBrowser(TestBase.java:105)
	at testcase.LoginPageTest.setUp(LoginPageTest.java:25)
... Removed 33 stack frames</div></td></tr></table><p class="totop"><a href="#summary">back to summary</a></p><h3 id="m2">testcase.EnterTimeTrackPageTest#quit</h3><table class="result"></table><p class="totop"><a href="#summary">back to summary</a></p><h3 id="m3">testcase.EnterTimeTrackPageTest#quit</h3><table class="result"></table><p class="totop"><a href="#summary">back to summary</a></p><h3 id="m4">testcase.EnterTimeTrackPageTest#quit</h3><table class="result"></table><p class="totop"><a href="#summary">back to summary</a></p><h3 id="m5">testcase.EnterTimeTrackPageTest#quit</h3><table class="result"></table><p class="totop"><a href="#summary">back to summary</a></p><h3 id="m6">testcase.EnterTimeTrackPageTest#quit</h3><table class="result"></table><p class="totop"><a href="#summary">back to summary</a></p><h3 id="m7">testcase.EnterTimeTrackPageTest#quit</h3><table class="result"></table><p class="totop"><a href="#summary">back to summary</a></p><h3 id="m8">testcase.EnterTimeTrackPageTest#setUp</h3><table class="result"></table><p class="totop"><a href="#summary">back to summary</a></p><h3 id="m9">testcase.EnterTimeTrackPageTest#setUp</h3><table class="result"></table><p class="totop"><a href="#summary">back to summary</a></p><h3 id="m10">testcase.EnterTimeTrackPageTest#setUp</h3><table class="result"></table><p class="totop"><a href="#summary">back to summary</a></p><h3 id="m11">testcase.EnterTimeTrackPageTest#setUp</h3><table class="result"></table><p class="totop"><a href="#summary">back to summary</a></p><h3 id="m12">testcase.EnterTimeTrackPageTest#setUp</h3><table class="result"></table><p class="totop"><a href="#summary">back to summary</a></p><h3 id="m13">testcase.LoginPageTest#quit</h3><table class="result"></table><p class="totop"><a href="#summary">back to summary</a></p><h3 id="m14">testcase.EnterTimeTrackPageTest#validateEmailText</h3><table class="result"><tr class="param"><th>Parameter #1</th></tr><tr class="param stripe"><td>non admin</td></tr></table><p class="totop"><a href="#summary">back to summary</a></p><h3 id="m15">testcase.EnterTimeTrackPageTest#validateFirstNameText</h3><table class="result"><tr class="param"><th>Parameter #1</th></tr><tr class="param stripe"><td>non admin</td></tr></table><p class="totop"><a href="#summary">back to summary</a></p><h3 id="m16">testcase.EnterTimeTrackPageTest#validateLastNameText</h3><table class="result"><tr class="param"><th>Parameter #1</th></tr><tr class="param stripe"><td>non admin</td></tr></table><p class="totop"><a href="#summary">back to summary</a></p><h3 id="m17">testcase.EnterTimeTrackPageTest#validateUserLinkTest</h3><table class="result"><tr class="param"><th>Parameter #1</th></tr><tr class="param stripe"><td>non admin</td></tr></table><p class="totop"><a href="#summary">back to summary</a></p><h3 id="m18">testcase.EnterTimeTrackPageTest#validateUserLinkTextTest</h3><table class="result"><tr class="param"><th>Parameter #1</th></tr><tr class="param stripe"><td>non admin</td></tr></table><p class="totop"><a href="#summary">back to summary</a></p><h3 id="m19">testcase.EnterTimeTrackPageTest#validateUserNameText</h3><table class="result"><tr class="param"><th>Parameter #1</th></tr><tr class="param stripe"><td>non admin</td></tr></table><p class="totop"><a href="#summary">back to summary</a></p><h3 id="m20">testcase.LoginPageTest#validateActiTimeLogoTest</h3><table class="result"><tr><th>Exception</th></tr><tr><td><div class="stacktrace">java.lang.Throwable: Method LoginPageTest.validateActiTimeLogoTest()[pri:2, instance:testcase.LoginPageTest@1554909b] depends on not successfully finished methods
... Removed 20 stack frames</div></td></tr></table><p class="totop"><a href="#summary">back to summary</a></p><h3 id="m21">testcase.LoginPageTest#validateLoginTest</h3><table class="result"><tr><th>Exception</th></tr><tr><td><div class="stacktrace">java.lang.Throwable: Method LoginPageTest.validateLoginTest(java.lang.String)[pri:3, instance:testcase.LoginPageTest@1554909b] depends on not successfully finished methods
... Removed 20 stack frames</div></td></tr></table><p class="totop"><a href="#summary">back to summary</a></p><h3 id="m22">testcase.LoginPageTest#validateLogout</h3><table class="result"><tr><th>Exception</th></tr><tr><td><div class="stacktrace">java.lang.Throwable: Method LoginPageTest.validateLogout(java.lang.String)[pri:4, instance:testcase.LoginPageTest@1554909b] depends on not successfully finished methods
... Removed 20 stack frames</div></td></tr></table><p class="totop"><a href="#summary">back to summary</a></p><h3 id="m23">testcase.LoginPageTest#validatePageTitleTest</h3><table class="result"></table><p class="totop"><a href="#summary">back to summary</a></p><h2>IE Test for admin user</h2><h3 id="m24">testcase.EnterTimeTrackPageTest#setUp</h3><table class="result"><tr class="param"><th>Parameter #1</th><th>Parameter #2</th></tr><tr class="param stripe"><td>ie</td><td>admin</td></tr><tr><th colspan="2">Messages</th></tr><tr><td colspan="2"><div class="messages">Property file loaded successfully<br/>Initializing edge browser</div></td></tr><tr><th colspan="2">Exception</th></tr><tr><td colspan="2"><div class="stacktrace">java.lang.AssertionError: expected [true] but found [false]
	at base.TestBase.initializeBrowser(TestBase.java:105)
	at testcase.EnterTimeTrackPageTest.setUp(EnterTimeTrackPageTest.java:35)
... Removed 33 stack frames</div></td></tr></table><p class="totop"><a href="#summary">back to summary</a></p><h3 id="m25">testcase.LoginPageTest#setUp</h3><table class="result"><tr class="param"><th>Parameter #1</th><th>Parameter #2</th></tr><tr class="param stripe"><td>ie</td><td>admin</td></tr><tr><th colspan="2">Messages</th></tr><tr><td colspan="2"><div class="messages">Property file loaded successfully<br/>Initializing edge browser</div></td></tr><tr><th colspan="2">Exception</th></tr><tr><td colspan="2"><div class="stacktrace">java.lang.AssertionError: expected [true] but found [false]
	at base.TestBase.initializeBrowser(TestBase.java:105)
	at testcase.LoginPageTest.setUp(LoginPageTest.java:25)
... Removed 33 stack frames</div></td></tr></table><p class="totop"><a href="#summary">back to summary</a></p><h3 id="m26">testcase.EnterTimeTrackPageTest#quit</h3><table class="result"></table><p class="totop"><a href="#summary">back to summary</a></p><h3 id="m27">testcase.EnterTimeTrackPageTest#quit</h3><table class="result"></table><p class="totop"><a href="#summary">back to summary</a></p><h3 id="m28">testcase.EnterTimeTrackPageTest#quit</h3><table class="result"></table><p class="totop"><a href="#summary">back to summary</a></p><h3 id="m29">testcase.EnterTimeTrackPageTest#quit</h3><table class="result"></table><p class="totop"><a href="#summary">back to summary</a></p><h3 id="m30">testcase.EnterTimeTrackPageTest#quit</h3><table class="result"></table><p class="totop"><a href="#summary">back to summary</a></p><h3 id="m31">testcase.EnterTimeTrackPageTest#quit</h3><table class="result"></table><p class="totop"><a href="#summary">back to summary</a></p><h3 id="m32">testcase.EnterTimeTrackPageTest#setUp</h3><table class="result"></table><p class="totop"><a href="#summary">back to summary</a></p><h3 id="m33">testcase.EnterTimeTrackPageTest#setUp</h3><table class="result"></table><p class="totop"><a href="#summary">back to summary</a></p><h3 id="m34">testcase.EnterTimeTrackPageTest#setUp</h3><table class="result"></table><p class="totop"><a href="#summary">back to summary</a></p><h3 id="m35">testcase.EnterTimeTrackPageTest#setUp</h3><table class="result"></table><p class="totop"><a href="#summary">back to summary</a></p><h3 id="m36">testcase.EnterTimeTrackPageTest#setUp</h3><table class="result"></table><p class="totop"><a href="#summary">back to summary</a></p><h3 id="m37">testcase.LoginPageTest#quit</h3><table class="result"></table><p class="totop"><a href="#summary">back to summary</a></p><h3 id="m38">testcase.EnterTimeTrackPageTest#validateEmailText</h3><table class="result"><tr class="param"><th>Parameter #1</th></tr><tr class="param stripe"><td>admin</td></tr></table><p class="totop"><a href="#summary">back to summary</a></p><h3 id="m39">testcase.EnterTimeTrackPageTest#validateFirstNameText</h3><table class="result"><tr class="param"><th>Parameter #1</th></tr><tr class="param stripe"><td>admin</td></tr></table><p class="totop"><a href="#summary">back to summary</a></p><h3 id="m40">testcase.EnterTimeTrackPageTest#validateLastNameText</h3><table class="result"><tr class="param"><th>Parameter #1</th></tr><tr class="param stripe"><td>admin</td></tr></table><p class="totop"><a href="#summary">back to summary</a></p><h3 id="m41">testcase.EnterTimeTrackPageTest#validateUserLinkTest</h3><table class="result"><tr class="param"><th>Parameter #1</th></tr><tr class="param stripe"><td>admin</td></tr></table><p class="totop"><a href="#summary">back to summary</a></p><h3 id="m42">testcase.EnterTimeTrackPageTest#validateUserLinkTextTest</h3><table class="result"><tr class="param"><th>Parameter #1</th></tr><tr class="param stripe"><td>admin</td></tr></table><p class="totop"><a href="#summary">back to summary</a></p><h3 id="m43">testcase.EnterTimeTrackPageTest#validateUserNameText</h3><table class="result"><tr class="param"><th>Parameter #1</th></tr><tr class="param stripe"><td>admin</td></tr></table><p class="totop"><a href="#summary">back to summary</a></p><h3 id="m44">testcase.LoginPageTest#validateActiTimeLogoTest</h3><table class="result"><tr><th>Exception</th></tr><tr><td><div class="stacktrace">java.lang.Throwable: Method LoginPageTest.validateActiTimeLogoTest()[pri:2, instance:testcase.LoginPageTest@3b81a1bc] depends on not successfully finished methods
... Removed 20 stack frames</div></td></tr></table><p class="totop"><a href="#summary">back to summary</a></p><h3 id="m45">testcase.LoginPageTest#validateLoginTest</h3><table class="result"><tr><th>Exception</th></tr><tr><td><div class="stacktrace">java.lang.Throwable: Method LoginPageTest.validateLoginTest(java.lang.String)[pri:3, instance:testcase.LoginPageTest@3b81a1bc] depends on not successfully finished methods
... Removed 20 stack frames</div></td></tr></table><p class="totop"><a href="#summary">back to summary</a></p><h3 id="m46">testcase.LoginPageTest#validateLogout</h3><table class="result"><tr><th>Exception</th></tr><tr><td><div class="stacktrace">java.lang.Throwable: Method LoginPageTest.validateLogout(java.lang.String)[pri:4, instance:testcase.LoginPageTest@3b81a1bc] depends on not successfully finished methods
... Removed 20 stack frames</div></td></tr></table><p class="totop"><a href="#summary">back to summary</a></p><h3 id="m47">testcase.LoginPageTest#validatePageTitleTest</h3><table class="result"></table><p class="totop"><a href="#summary">back to summary</a></p></body></html>