<?xml version="1.0" encoding="UTF-8"?>
<testng-results skipped="20" failed="0" total="20" passed="0">
  <reporter-output>
    <line>
      <![CDATA[IE Test for non admin user- started execution]]>
    </line>
    <line>
      <![CDATA[Extent report configured successfully]]>
    </line>
    <line>
      <![CDATA[Property file loaded successfully]]>
    </line>
    <line>
      <![CDATA[Initializing edge browser]]>
    </line>
    <line>
      <![CDATA[validatePageTitleTest - started execution]]>
    </line>
    <line>
      <![CDATA[validatePageTitleTest - skipped execution]]>
    </line>
    <line>
      <![CDATA[validateActiTimeLogoTest - skipped execution]]>
    </line>
    <line>
      <![CDATA[validateLoginTest - skipped execution]]>
    </line>
    <line>
      <![CDATA[validateLogout - skipped execution]]>
    </line>
    <line>
      <![CDATA[Property file loaded successfully]]>
    </line>
    <line>
      <![CDATA[Initializing edge browser]]>
    </line>
    <line>
      <![CDATA[validateUserLinkTextTest - started execution]]>
    </line>
    <line>
      <![CDATA[validateUserLinkTextTest - skipped execution]]>
    </line>
    <line>
      <![CDATA[validateUserLinkTest - started execution]]>
    </line>
    <line>
      <![CDATA[validateUserLinkTest - skipped execution]]>
    </line>
    <line>
      <![CDATA[validateFirstNameText - started execution]]>
    </line>
    <line>
      <![CDATA[validateFirstNameText - skipped execution]]>
    </line>
    <line>
      <![CDATA[validateLastNameText - started execution]]>
    </line>
    <line>
      <![CDATA[validateLastNameText - skipped execution]]>
    </line>
    <line>
      <![CDATA[validateEmailText - started execution]]>
    </line>
    <line>
      <![CDATA[validateEmailText - skipped execution]]>
    </line>
    <line>
      <![CDATA[validateUserNameText - started execution]]>
    </line>
    <line>
      <![CDATA[validateUserNameText - skipped execution]]>
    </line>
    <line>
      <![CDATA[IE Test for non admin user- finished execution]]>
    </line>
    <line>
      <![CDATA[IE Test for admin user- started execution]]>
    </line>
    <line>
      <![CDATA[Extent report configured successfully]]>
    </line>
    <line>
      <![CDATA[Property file loaded successfully]]>
    </line>
    <line>
      <![CDATA[Initializing edge browser]]>
    </line>
    <line>
      <![CDATA[validatePageTitleTest - started execution]]>
    </line>
    <line>
      <![CDATA[validatePageTitleTest - skipped execution]]>
    </line>
    <line>
      <![CDATA[validateActiTimeLogoTest - skipped execution]]>
    </line>
    <line>
      <![CDATA[validateLoginTest - skipped execution]]>
    </line>
    <line>
      <![CDATA[validateLogout - skipped execution]]>
    </line>
    <line>
      <![CDATA[Property file loaded successfully]]>
    </line>
    <line>
      <![CDATA[Initializing edge browser]]>
    </line>
  </reporter-output>
  <suite name="Actitime Regression Suite" duration-ms="50764" started-at="2020-04-14T17:58:55Z" finished-at="2020-04-14T17:59:46Z">
    <groups>
      <group name="Functional">
        <method signature="EnterTimeTrackPageTest.validateEmailText(java.lang.String)[pri:5, instance:testcase.EnterTimeTrackPageTest@6bf256fa]" name="validateEmailText" class="testcase.EnterTimeTrackPageTest"/>
        <method signature="EnterTimeTrackPageTest.validateFirstNameText(java.lang.String)[pri:3, instance:testcase.EnterTimeTrackPageTest@6bf256fa]" name="validateFirstNameText" class="testcase.EnterTimeTrackPageTest"/>
        <method signature="EnterTimeTrackPageTest.validateLastNameText(java.lang.String)[pri:4, instance:testcase.EnterTimeTrackPageTest@6bf256fa]" name="validateLastNameText" class="testcase.EnterTimeTrackPageTest"/>
        <method signature="EnterTimeTrackPageTest.validateUserLinkTest(java.lang.String)[pri:2, instance:testcase.EnterTimeTrackPageTest@6bf256fa]" name="validateUserLinkTest" class="testcase.EnterTimeTrackPageTest"/>
        <method signature="EnterTimeTrackPageTest.validateUserLinkTextTest(java.lang.String)[pri:1, instance:testcase.EnterTimeTrackPageTest@6bf256fa]" name="validateUserLinkTextTest" class="testcase.EnterTimeTrackPageTest"/>
        <method signature="EnterTimeTrackPageTest.validateUserNameText(java.lang.String)[pri:6, instance:testcase.EnterTimeTrackPageTest@6bf256fa]" name="validateUserNameText" class="testcase.EnterTimeTrackPageTest"/>
        <method signature="LoginPageTest.validatePageTitleTest()[pri:1, instance:testcase.LoginPageTest@1554909b]" name="validatePageTitleTest" class="testcase.LoginPageTest"/>
        <method signature="LoginPageTest.validateActiTimeLogoTest()[pri:2, instance:testcase.LoginPageTest@1554909b]" name="validateActiTimeLogoTest" class="testcase.LoginPageTest"/>
        <method signature="LoginPageTest.validateLoginTest(java.lang.String)[pri:3, instance:testcase.LoginPageTest@1554909b]" name="validateLoginTest" class="testcase.LoginPageTest"/>
        <method signature="LoginPageTest.validateLogout(java.lang.String)[pri:4, instance:testcase.LoginPageTest@1554909b]" name="validateLogout" class="testcase.LoginPageTest"/>
        <method signature="EnterTimeTrackPageTest.validateEmailText(java.lang.String)[pri:5, instance:testcase.EnterTimeTrackPageTest@64616ca2]" name="validateEmailText" class="testcase.EnterTimeTrackPageTest"/>
        <method signature="EnterTimeTrackPageTest.validateFirstNameText(java.lang.String)[pri:3, instance:testcase.EnterTimeTrackPageTest@64616ca2]" name="validateFirstNameText" class="testcase.EnterTimeTrackPageTest"/>
        <method signature="EnterTimeTrackPageTest.validateLastNameText(java.lang.String)[pri:4, instance:testcase.EnterTimeTrackPageTest@64616ca2]" name="validateLastNameText" class="testcase.EnterTimeTrackPageTest"/>
        <method signature="EnterTimeTrackPageTest.validateUserLinkTest(java.lang.String)[pri:2, instance:testcase.EnterTimeTrackPageTest@64616ca2]" name="validateUserLinkTest" class="testcase.EnterTimeTrackPageTest"/>
        <method signature="EnterTimeTrackPageTest.validateUserLinkTextTest(java.lang.String)[pri:1, instance:testcase.EnterTimeTrackPageTest@64616ca2]" name="validateUserLinkTextTest" class="testcase.EnterTimeTrackPageTest"/>
        <method signature="EnterTimeTrackPageTest.validateUserNameText(java.lang.String)[pri:6, instance:testcase.EnterTimeTrackPageTest@64616ca2]" name="validateUserNameText" class="testcase.EnterTimeTrackPageTest"/>
        <method signature="LoginPageTest.validatePageTitleTest()[pri:1, instance:testcase.LoginPageTest@3b81a1bc]" name="validatePageTitleTest" class="testcase.LoginPageTest"/>
        <method signature="LoginPageTest.validateActiTimeLogoTest()[pri:2, instance:testcase.LoginPageTest@3b81a1bc]" name="validateActiTimeLogoTest" class="testcase.LoginPageTest"/>
        <method signature="LoginPageTest.validateLoginTest(java.lang.String)[pri:3, instance:testcase.LoginPageTest@3b81a1bc]" name="validateLoginTest" class="testcase.LoginPageTest"/>
        <method signature="LoginPageTest.validateLogout(java.lang.String)[pri:4, instance:testcase.LoginPageTest@3b81a1bc]" name="validateLogout" class="testcase.LoginPageTest"/>
      </group> <!-- Functional -->
      <group name="Sanity">
        <method signature="EnterTimeTrackPageTest.validateEmailText(java.lang.String)[pri:5, instance:testcase.EnterTimeTrackPageTest@6bf256fa]" name="validateEmailText" class="testcase.EnterTimeTrackPageTest"/>
        <method signature="EnterTimeTrackPageTest.validateFirstNameText(java.lang.String)[pri:3, instance:testcase.EnterTimeTrackPageTest@6bf256fa]" name="validateFirstNameText" class="testcase.EnterTimeTrackPageTest"/>
        <method signature="EnterTimeTrackPageTest.validateLastNameText(java.lang.String)[pri:4, instance:testcase.EnterTimeTrackPageTest@6bf256fa]" name="validateLastNameText" class="testcase.EnterTimeTrackPageTest"/>
        <method signature="EnterTimeTrackPageTest.validateUserLinkTest(java.lang.String)[pri:2, instance:testcase.EnterTimeTrackPageTest@6bf256fa]" name="validateUserLinkTest" class="testcase.EnterTimeTrackPageTest"/>
        <method signature="EnterTimeTrackPageTest.validateUserLinkTextTest(java.lang.String)[pri:1, instance:testcase.EnterTimeTrackPageTest@6bf256fa]" name="validateUserLinkTextTest" class="testcase.EnterTimeTrackPageTest"/>
        <method signature="EnterTimeTrackPageTest.validateUserNameText(java.lang.String)[pri:6, instance:testcase.EnterTimeTrackPageTest@6bf256fa]" name="validateUserNameText" class="testcase.EnterTimeTrackPageTest"/>
        <method signature="LoginPageTest.validatePageTitleTest()[pri:1, instance:testcase.LoginPageTest@1554909b]" name="validatePageTitleTest" class="testcase.LoginPageTest"/>
        <method signature="LoginPageTest.validateActiTimeLogoTest()[pri:2, instance:testcase.LoginPageTest@1554909b]" name="validateActiTimeLogoTest" class="testcase.LoginPageTest"/>
        <method signature="LoginPageTest.validateLoginTest(java.lang.String)[pri:3, instance:testcase.LoginPageTest@1554909b]" name="validateLoginTest" class="testcase.LoginPageTest"/>
        <method signature="LoginPageTest.validateLogout(java.lang.String)[pri:4, instance:testcase.LoginPageTest@1554909b]" name="validateLogout" class="testcase.LoginPageTest"/>
        <method signature="EnterTimeTrackPageTest.validateEmailText(java.lang.String)[pri:5, instance:testcase.EnterTimeTrackPageTest@64616ca2]" name="validateEmailText" class="testcase.EnterTimeTrackPageTest"/>
        <method signature="EnterTimeTrackPageTest.validateFirstNameText(java.lang.String)[pri:3, instance:testcase.EnterTimeTrackPageTest@64616ca2]" name="validateFirstNameText" class="testcase.EnterTimeTrackPageTest"/>
        <method signature="EnterTimeTrackPageTest.validateLastNameText(java.lang.String)[pri:4, instance:testcase.EnterTimeTrackPageTest@64616ca2]" name="validateLastNameText" class="testcase.EnterTimeTrackPageTest"/>
        <method signature="EnterTimeTrackPageTest.validateUserLinkTest(java.lang.String)[pri:2, instance:testcase.EnterTimeTrackPageTest@64616ca2]" name="validateUserLinkTest" class="testcase.EnterTimeTrackPageTest"/>
        <method signature="EnterTimeTrackPageTest.validateUserLinkTextTest(java.lang.String)[pri:1, instance:testcase.EnterTimeTrackPageTest@64616ca2]" name="validateUserLinkTextTest" class="testcase.EnterTimeTrackPageTest"/>
        <method signature="EnterTimeTrackPageTest.validateUserNameText(java.lang.String)[pri:6, instance:testcase.EnterTimeTrackPageTest@64616ca2]" name="validateUserNameText" class="testcase.EnterTimeTrackPageTest"/>
        <method signature="LoginPageTest.validatePageTitleTest()[pri:1, instance:testcase.LoginPageTest@3b81a1bc]" name="validatePageTitleTest" class="testcase.LoginPageTest"/>
        <method signature="LoginPageTest.validateActiTimeLogoTest()[pri:2, instance:testcase.LoginPageTest@3b81a1bc]" name="validateActiTimeLogoTest" class="testcase.LoginPageTest"/>
        <method signature="LoginPageTest.validateLoginTest(java.lang.String)[pri:3, instance:testcase.LoginPageTest@3b81a1bc]" name="validateLoginTest" class="testcase.LoginPageTest"/>
        <method signature="LoginPageTest.validateLogout(java.lang.String)[pri:4, instance:testcase.LoginPageTest@3b81a1bc]" name="validateLogout" class="testcase.LoginPageTest"/>
      </group> <!-- Sanity -->
      <group name="non admin">
        <method signature="EnterTimeTrackPageTest.validateEmailText(java.lang.String)[pri:5, instance:testcase.EnterTimeTrackPageTest@6bf256fa]" name="validateEmailText" class="testcase.EnterTimeTrackPageTest"/>
        <method signature="EnterTimeTrackPageTest.validateFirstNameText(java.lang.String)[pri:3, instance:testcase.EnterTimeTrackPageTest@6bf256fa]" name="validateFirstNameText" class="testcase.EnterTimeTrackPageTest"/>
        <method signature="EnterTimeTrackPageTest.validateLastNameText(java.lang.String)[pri:4, instance:testcase.EnterTimeTrackPageTest@6bf256fa]" name="validateLastNameText" class="testcase.EnterTimeTrackPageTest"/>
        <method signature="EnterTimeTrackPageTest.validateUserLinkTest(java.lang.String)[pri:2, instance:testcase.EnterTimeTrackPageTest@6bf256fa]" name="validateUserLinkTest" class="testcase.EnterTimeTrackPageTest"/>
        <method signature="EnterTimeTrackPageTest.validateUserLinkTextTest(java.lang.String)[pri:1, instance:testcase.EnterTimeTrackPageTest@6bf256fa]" name="validateUserLinkTextTest" class="testcase.EnterTimeTrackPageTest"/>
        <method signature="EnterTimeTrackPageTest.validateUserNameText(java.lang.String)[pri:6, instance:testcase.EnterTimeTrackPageTest@6bf256fa]" name="validateUserNameText" class="testcase.EnterTimeTrackPageTest"/>
        <method signature="LoginPageTest.validatePageTitleTest()[pri:1, instance:testcase.LoginPageTest@1554909b]" name="validatePageTitleTest" class="testcase.LoginPageTest"/>
        <method signature="LoginPageTest.validateActiTimeLogoTest()[pri:2, instance:testcase.LoginPageTest@1554909b]" name="validateActiTimeLogoTest" class="testcase.LoginPageTest"/>
        <method signature="LoginPageTest.validateLoginTest(java.lang.String)[pri:3, instance:testcase.LoginPageTest@1554909b]" name="validateLoginTest" class="testcase.LoginPageTest"/>
        <method signature="LoginPageTest.validateLogout(java.lang.String)[pri:4, instance:testcase.LoginPageTest@1554909b]" name="validateLogout" class="testcase.LoginPageTest"/>
        <method signature="EnterTimeTrackPageTest.validateEmailText(java.lang.String)[pri:5, instance:testcase.EnterTimeTrackPageTest@64616ca2]" name="validateEmailText" class="testcase.EnterTimeTrackPageTest"/>
        <method signature="EnterTimeTrackPageTest.validateFirstNameText(java.lang.String)[pri:3, instance:testcase.EnterTimeTrackPageTest@64616ca2]" name="validateFirstNameText" class="testcase.EnterTimeTrackPageTest"/>
        <method signature="EnterTimeTrackPageTest.validateLastNameText(java.lang.String)[pri:4, instance:testcase.EnterTimeTrackPageTest@64616ca2]" name="validateLastNameText" class="testcase.EnterTimeTrackPageTest"/>
        <method signature="EnterTimeTrackPageTest.validateUserLinkTest(java.lang.String)[pri:2, instance:testcase.EnterTimeTrackPageTest@64616ca2]" name="validateUserLinkTest" class="testcase.EnterTimeTrackPageTest"/>
        <method signature="EnterTimeTrackPageTest.validateUserLinkTextTest(java.lang.String)[pri:1, instance:testcase.EnterTimeTrackPageTest@64616ca2]" name="validateUserLinkTextTest" class="testcase.EnterTimeTrackPageTest"/>
        <method signature="EnterTimeTrackPageTest.validateUserNameText(java.lang.String)[pri:6, instance:testcase.EnterTimeTrackPageTest@64616ca2]" name="validateUserNameText" class="testcase.EnterTimeTrackPageTest"/>
        <method signature="LoginPageTest.validatePageTitleTest()[pri:1, instance:testcase.LoginPageTest@3b81a1bc]" name="validatePageTitleTest" class="testcase.LoginPageTest"/>
        <method signature="LoginPageTest.validateActiTimeLogoTest()[pri:2, instance:testcase.LoginPageTest@3b81a1bc]" name="validateActiTimeLogoTest" class="testcase.LoginPageTest"/>
        <method signature="LoginPageTest.validateLoginTest(java.lang.String)[pri:3, instance:testcase.LoginPageTest@3b81a1bc]" name="validateLoginTest" class="testcase.LoginPageTest"/>
        <method signature="LoginPageTest.validateLogout(java.lang.String)[pri:4, instance:testcase.LoginPageTest@3b81a1bc]" name="validateLogout" class="testcase.LoginPageTest"/>
      </group> <!-- non admin -->
      <group name="admin">
        <method signature="EnterTimeTrackPageTest.validateEmailText(java.lang.String)[pri:5, instance:testcase.EnterTimeTrackPageTest@6bf256fa]" name="validateEmailText" class="testcase.EnterTimeTrackPageTest"/>
        <method signature="EnterTimeTrackPageTest.validateFirstNameText(java.lang.String)[pri:3, instance:testcase.EnterTimeTrackPageTest@6bf256fa]" name="validateFirstNameText" class="testcase.EnterTimeTrackPageTest"/>
        <method signature="EnterTimeTrackPageTest.validateLastNameText(java.lang.String)[pri:4, instance:testcase.EnterTimeTrackPageTest@6bf256fa]" name="validateLastNameText" class="testcase.EnterTimeTrackPageTest"/>
        <method signature="EnterTimeTrackPageTest.validateUserLinkTest(java.lang.String)[pri:2, instance:testcase.EnterTimeTrackPageTest@6bf256fa]" name="validateUserLinkTest" class="testcase.EnterTimeTrackPageTest"/>
        <method signature="EnterTimeTrackPageTest.validateUserLinkTextTest(java.lang.String)[pri:1, instance:testcase.EnterTimeTrackPageTest@6bf256fa]" name="validateUserLinkTextTest" class="testcase.EnterTimeTrackPageTest"/>
        <method signature="EnterTimeTrackPageTest.validateUserNameText(java.lang.String)[pri:6, instance:testcase.EnterTimeTrackPageTest@6bf256fa]" name="validateUserNameText" class="testcase.EnterTimeTrackPageTest"/>
        <method signature="LoginPageTest.validatePageTitleTest()[pri:1, instance:testcase.LoginPageTest@1554909b]" name="validatePageTitleTest" class="testcase.LoginPageTest"/>
        <method signature="LoginPageTest.validateActiTimeLogoTest()[pri:2, instance:testcase.LoginPageTest@1554909b]" name="validateActiTimeLogoTest" class="testcase.LoginPageTest"/>
        <method signature="LoginPageTest.validateLoginTest(java.lang.String)[pri:3, instance:testcase.LoginPageTest@1554909b]" name="validateLoginTest" class="testcase.LoginPageTest"/>
        <method signature="LoginPageTest.validateLogout(java.lang.String)[pri:4, instance:testcase.LoginPageTest@1554909b]" name="validateLogout" class="testcase.LoginPageTest"/>
        <method signature="EnterTimeTrackPageTest.validateEmailText(java.lang.String)[pri:5, instance:testcase.EnterTimeTrackPageTest@64616ca2]" name="validateEmailText" class="testcase.EnterTimeTrackPageTest"/>
        <method signature="EnterTimeTrackPageTest.validateFirstNameText(java.lang.String)[pri:3, instance:testcase.EnterTimeTrackPageTest@64616ca2]" name="validateFirstNameText" class="testcase.EnterTimeTrackPageTest"/>
        <method signature="EnterTimeTrackPageTest.validateLastNameText(java.lang.String)[pri:4, instance:testcase.EnterTimeTrackPageTest@64616ca2]" name="validateLastNameText" class="testcase.EnterTimeTrackPageTest"/>
        <method signature="EnterTimeTrackPageTest.validateUserLinkTest(java.lang.String)[pri:2, instance:testcase.EnterTimeTrackPageTest@64616ca2]" name="validateUserLinkTest" class="testcase.EnterTimeTrackPageTest"/>
        <method signature="EnterTimeTrackPageTest.validateUserLinkTextTest(java.lang.String)[pri:1, instance:testcase.EnterTimeTrackPageTest@64616ca2]" name="validateUserLinkTextTest" class="testcase.EnterTimeTrackPageTest"/>
        <method signature="EnterTimeTrackPageTest.validateUserNameText(java.lang.String)[pri:6, instance:testcase.EnterTimeTrackPageTest@64616ca2]" name="validateUserNameText" class="testcase.EnterTimeTrackPageTest"/>
        <method signature="LoginPageTest.validatePageTitleTest()[pri:1, instance:testcase.LoginPageTest@3b81a1bc]" name="validatePageTitleTest" class="testcase.LoginPageTest"/>
        <method signature="LoginPageTest.validateActiTimeLogoTest()[pri:2, instance:testcase.LoginPageTest@3b81a1bc]" name="validateActiTimeLogoTest" class="testcase.LoginPageTest"/>
        <method signature="LoginPageTest.validateLoginTest(java.lang.String)[pri:3, instance:testcase.LoginPageTest@3b81a1bc]" name="validateLoginTest" class="testcase.LoginPageTest"/>
        <method signature="LoginPageTest.validateLogout(java.lang.String)[pri:4, instance:testcase.LoginPageTest@3b81a1bc]" name="validateLogout" class="testcase.LoginPageTest"/>
      </group> <!-- admin -->
    </groups>
    <test name="IE Test for non admin user" duration-ms="24013" started-at="2020-04-14T17:58:55Z" finished-at="2020-04-14T17:59:19Z">
      <class name="testcase.LoginPageTest">
        <test-method status="FAIL" signature="setUp(java.lang.String, java.lang.String)[pri:0, instance:testcase.LoginPageTest@1554909b]" name="setUp" is-config="true" duration-ms="0" started-at="2020-04-14T23:28:55Z" finished-at="2020-04-14T23:28:55Z">
          <params>
            <param index="0">
              <value>
                <![CDATA[ie]]>
              </value>
            </param>
            <param index="1">
              <value>
                <![CDATA[non admin]]>
              </value>
            </param>
          </params>
          <exception class="java.lang.AssertionError">
            <message>
              <![CDATA[expected [true] but found [false]]]>
            </message>
            <full-stacktrace>
              <![CDATA[java.lang.AssertionError: expected [true] but found [false]
	at org.testng.Assert.fail(Assert.java:94)
	at org.testng.Assert.failNotEquals(Assert.java:513)
	at org.testng.Assert.assertTrue(Assert.java:42)
	at org.testng.Assert.assertTrue(Assert.java:52)
	at base.TestBase.initializeBrowser(TestBase.java:105)
	at testcase.LoginPageTest.setUp(LoginPageTest.java:25)
	at sun.reflect.NativeMethodAccessorImpl.invoke0(Native Method)
	at sun.reflect.NativeMethodAccessorImpl.invoke(NativeMethodAccessorImpl.java:62)
	at sun.reflect.DelegatingMethodAccessorImpl.invoke(DelegatingMethodAccessorImpl.java:43)
	at java.lang.reflect.Method.invoke(Method.java:498)
	at org.testng.internal.MethodInvocationHelper.invokeMethod(MethodInvocationHelper.java:86)
	at org.testng.internal.Invoker.invokeConfigurationMethod(Invoker.java:514)
	at org.testng.internal.Invoker.invokeConfigurations(Invoker.java:215)
	at org.testng.internal.Invoker.invokeMethod(Invoker.java:589)
	at org.testng.internal.Invoker.invokeTestMethod(Invoker.java:820)
	at org.testng.internal.Invoker.invokeTestMethods(Invoker.java:1128)
	at org.testng.internal.TestMethodWorker.invokeTestMethods(TestMethodWorker.java:129)
	at org.testng.internal.TestMethodWorker.run(TestMethodWorker.java:112)
	at org.testng.TestRunner.privateRun(TestRunner.java:782)
	at org.testng.TestRunner.run(TestRunner.java:632)
	at org.testng.SuiteRunner.runTest(SuiteRunner.java:366)
	at org.testng.SuiteRunner.runSequentially(SuiteRunner.java:361)
	at org.testng.SuiteRunner.privateRun(SuiteRunner.java:319)
	at org.testng.SuiteRunner.run(SuiteRunner.java:268)
	at org.testng.SuiteRunnerWorker.runSuite(SuiteRunnerWorker.java:52)
	at org.testng.SuiteRunnerWorker.run(SuiteRunnerWorker.java:86)
	at org.testng.TestNG.runSuitesSequentially(TestNG.java:1244)
	at org.testng.TestNG.runSuitesLocally(TestNG.java:1169)
	at org.testng.TestNG.run(TestNG.java:1064)
	at org.apache.maven.surefire.testng.TestNGExecutor.run(TestNGExecutor.java:281)
	at org.apache.maven.surefire.testng.TestNGXmlTestSuite.execute(TestNGXmlTestSuite.java:75)
	at org.apache.maven.surefire.testng.TestNGProvider.invoke(TestNGProvider.java:121)
	at org.apache.maven.surefire.booter.ForkedBooter.invokeProviderInSameClassLoader(ForkedBooter.java:290)
	at org.apache.maven.surefire.booter.ForkedBooter.runSuitesInProcess(ForkedBooter.java:242)
	at org.apache.maven.surefire.booter.ForkedBooter.main(ForkedBooter.java:121)
]]>
            </full-stacktrace>
          </exception> <!-- java.lang.AssertionError -->
          <reporter-output>
            <line>
              <![CDATA[Property file loaded successfully]]>
            </line>
            <line>
              <![CDATA[Initializing edge browser]]>
            </line>
          </reporter-output>
        </test-method> <!-- setUp -->
        <test-method status="SKIP" signature="validatePageTitleTest()[pri:1, instance:testcase.LoginPageTest@1554909b]" name="validatePageTitleTest" duration-ms="5" started-at="2020-04-14T23:29:08Z" finished-at="2020-04-14T23:29:08Z">
          <reporter-output>
          </reporter-output>
        </test-method> <!-- validatePageTitleTest -->
        <test-method status="SKIP" signature="quit()[pri:0, instance:testcase.LoginPageTest@1554909b]" name="quit" is-config="true" duration-ms="4" started-at="2020-04-14T23:29:08Z" finished-at="2020-04-14T23:29:08Z">
          <reporter-output>
          </reporter-output>
        </test-method> <!-- quit -->
        <test-method status="SKIP" signature="validateActiTimeLogoTest()[pri:2, instance:testcase.LoginPageTest@1554909b]" name="validateActiTimeLogoTest" duration-ms="0" started-at="2020-04-14T23:29:08Z" depends-on-methods="testcase.LoginPageTest.validatePageTitleTest" finished-at="2020-04-14T23:29:08Z">
          <exception class="java.lang.Throwable">
            <message>
              <![CDATA[Method LoginPageTest.validateActiTimeLogoTest()[pri:2, instance:testcase.LoginPageTest@1554909b] depends on not successfully finished methods]]>
            </message>
            <full-stacktrace>
              <![CDATA[java.lang.Throwable: Method LoginPageTest.validateActiTimeLogoTest()[pri:2, instance:testcase.LoginPageTest@1554909b] depends on not successfully finished methods
	at org.testng.internal.Invoker.invokeTestMethods(Invoker.java:1037)
	at org.testng.internal.TestMethodWorker.invokeTestMethods(TestMethodWorker.java:129)
	at org.testng.internal.TestMethodWorker.run(TestMethodWorker.java:112)
	at org.testng.TestRunner.privateRun(TestRunner.java:782)
	at org.testng.TestRunner.run(TestRunner.java:632)
	at org.testng.SuiteRunner.runTest(SuiteRunner.java:366)
	at org.testng.SuiteRunner.runSequentially(SuiteRunner.java:361)
	at org.testng.SuiteRunner.privateRun(SuiteRunner.java:319)
	at org.testng.SuiteRunner.run(SuiteRunner.java:268)
	at org.testng.SuiteRunnerWorker.runSuite(SuiteRunnerWorker.java:52)
	at org.testng.SuiteRunnerWorker.run(SuiteRunnerWorker.java:86)
	at org.testng.TestNG.runSuitesSequentially(TestNG.java:1244)
	at org.testng.TestNG.runSuitesLocally(TestNG.java:1169)
	at org.testng.TestNG.run(TestNG.java:1064)
	at org.apache.maven.surefire.testng.TestNGExecutor.run(TestNGExecutor.java:281)
	at org.apache.maven.surefire.testng.TestNGXmlTestSuite.execute(TestNGXmlTestSuite.java:75)
	at org.apache.maven.surefire.testng.TestNGProvider.invoke(TestNGProvider.java:121)
	at org.apache.maven.surefire.booter.ForkedBooter.invokeProviderInSameClassLoader(ForkedBooter.java:290)
	at org.apache.maven.surefire.booter.ForkedBooter.runSuitesInProcess(ForkedBooter.java:242)
	at org.apache.maven.surefire.booter.ForkedBooter.main(ForkedBooter.java:121)
]]>
            </full-stacktrace>
          </exception> <!-- java.lang.Throwable -->
          <reporter-output>
          </reporter-output>
        </test-method> <!-- validateActiTimeLogoTest -->
        <test-method status="SKIP" signature="validateLoginTest(java.lang.String)[pri:3, instance:testcase.LoginPageTest@1554909b]" name="validateLoginTest" duration-ms="0" started-at="2020-04-14T23:29:08Z" depends-on-methods="testcase.LoginPageTest.validatePageTitleTest" finished-at="2020-04-14T23:29:08Z">
          <exception class="java.lang.Throwable">
            <message>
              <![CDATA[Method LoginPageTest.validateLoginTest(java.lang.String)[pri:3, instance:testcase.LoginPageTest@1554909b] depends on not successfully finished methods]]>
            </message>
            <full-stacktrace>
              <![CDATA[java.lang.Throwable: Method LoginPageTest.validateLoginTest(java.lang.String)[pri:3, instance:testcase.LoginPageTest@1554909b] depends on not successfully finished methods
	at org.testng.internal.Invoker.invokeTestMethods(Invoker.java:1037)
	at org.testng.internal.TestMethodWorker.invokeTestMethods(TestMethodWorker.java:129)
	at org.testng.internal.TestMethodWorker.run(TestMethodWorker.java:112)
	at org.testng.TestRunner.privateRun(TestRunner.java:782)
	at org.testng.TestRunner.run(TestRunner.java:632)
	at org.testng.SuiteRunner.runTest(SuiteRunner.java:366)
	at org.testng.SuiteRunner.runSequentially(SuiteRunner.java:361)
	at org.testng.SuiteRunner.privateRun(SuiteRunner.java:319)
	at org.testng.SuiteRunner.run(SuiteRunner.java:268)
	at org.testng.SuiteRunnerWorker.runSuite(SuiteRunnerWorker.java:52)
	at org.testng.SuiteRunnerWorker.run(SuiteRunnerWorker.java:86)
	at org.testng.TestNG.runSuitesSequentially(TestNG.java:1244)
	at org.testng.TestNG.runSuitesLocally(TestNG.java:1169)
	at org.testng.TestNG.run(TestNG.java:1064)
	at org.apache.maven.surefire.testng.TestNGExecutor.run(TestNGExecutor.java:281)
	at org.apache.maven.surefire.testng.TestNGXmlTestSuite.execute(TestNGXmlTestSuite.java:75)
	at org.apache.maven.surefire.testng.TestNGProvider.invoke(TestNGProvider.java:121)
	at org.apache.maven.surefire.booter.ForkedBooter.invokeProviderInSameClassLoader(ForkedBooter.java:290)
	at org.apache.maven.surefire.booter.ForkedBooter.runSuitesInProcess(ForkedBooter.java:242)
	at org.apache.maven.surefire.booter.ForkedBooter.main(ForkedBooter.java:121)
]]>
            </full-stacktrace>
          </exception> <!-- java.lang.Throwable -->
          <reporter-output>
          </reporter-output>
        </test-method> <!-- validateLoginTest -->
        <test-method status="SKIP" signature="validateLogout(java.lang.String)[pri:4, instance:testcase.LoginPageTest@1554909b]" name="validateLogout" duration-ms="0" started-at="2020-04-14T23:29:08Z" depends-on-methods="testcase.LoginPageTest.validatePageTitleTest" finished-at="2020-04-14T23:29:08Z">
          <exception class="java.lang.Throwable">
            <message>
              <![CDATA[Method LoginPageTest.validateLogout(java.lang.String)[pri:4, instance:testcase.LoginPageTest@1554909b] depends on not successfully finished methods]]>
            </message>
            <full-stacktrace>
              <![CDATA[java.lang.Throwable: Method LoginPageTest.validateLogout(java.lang.String)[pri:4, instance:testcase.LoginPageTest@1554909b] depends on not successfully finished methods
	at org.testng.internal.Invoker.invokeTestMethods(Invoker.java:1037)
	at org.testng.internal.TestMethodWorker.invokeTestMethods(TestMethodWorker.java:129)
	at org.testng.internal.TestMethodWorker.run(TestMethodWorker.java:112)
	at org.testng.TestRunner.privateRun(TestRunner.java:782)
	at org.testng.TestRunner.run(TestRunner.java:632)
	at org.testng.SuiteRunner.runTest(SuiteRunner.java:366)
	at org.testng.SuiteRunner.runSequentially(SuiteRunner.java:361)
	at org.testng.SuiteRunner.privateRun(SuiteRunner.java:319)
	at org.testng.SuiteRunner.run(SuiteRunner.java:268)
	at org.testng.SuiteRunnerWorker.runSuite(SuiteRunnerWorker.java:52)
	at org.testng.SuiteRunnerWorker.run(SuiteRunnerWorker.java:86)
	at org.testng.TestNG.runSuitesSequentially(TestNG.java:1244)
	at org.testng.TestNG.runSuitesLocally(TestNG.java:1169)
	at org.testng.TestNG.run(TestNG.java:1064)
	at org.apache.maven.surefire.testng.TestNGExecutor.run(TestNGExecutor.java:281)
	at org.apache.maven.surefire.testng.TestNGXmlTestSuite.execute(TestNGXmlTestSuite.java:75)
	at org.apache.maven.surefire.testng.TestNGProvider.invoke(TestNGProvider.java:121)
	at org.apache.maven.surefire.booter.ForkedBooter.invokeProviderInSameClassLoader(ForkedBooter.java:290)
	at org.apache.maven.surefire.booter.ForkedBooter.runSuitesInProcess(ForkedBooter.java:242)
	at org.apache.maven.surefire.booter.ForkedBooter.main(ForkedBooter.java:121)
]]>
            </full-stacktrace>
          </exception> <!-- java.lang.Throwable -->
          <reporter-output>
          </reporter-output>
        </test-method> <!-- validateLogout -->
      </class> <!-- testcase.LoginPageTest -->
      <class name="testcase.EnterTimeTrackPageTest">
        <test-method status="FAIL" signature="setUp(java.lang.String, java.lang.String)[pri:0, instance:testcase.EnterTimeTrackPageTest@6bf256fa]" name="setUp" is-config="true" duration-ms="0" started-at="2020-04-14T23:29:08Z" finished-at="2020-04-14T23:29:08Z">
          <params>
            <param index="0">
              <value>
                <![CDATA[ie]]>
              </value>
            </param>
            <param index="1">
              <value>
                <![CDATA[non admin]]>
              </value>
            </param>
          </params>
          <exception class="java.lang.AssertionError">
            <message>
              <![CDATA[expected [true] but found [false]]]>
            </message>
            <full-stacktrace>
              <![CDATA[java.lang.AssertionError: expected [true] but found [false]
	at org.testng.Assert.fail(Assert.java:94)
	at org.testng.Assert.failNotEquals(Assert.java:513)
	at org.testng.Assert.assertTrue(Assert.java:42)
	at org.testng.Assert.assertTrue(Assert.java:52)
	at base.TestBase.initializeBrowser(TestBase.java:105)
	at testcase.EnterTimeTrackPageTest.setUp(EnterTimeTrackPageTest.java:35)
	at sun.reflect.NativeMethodAccessorImpl.invoke0(Native Method)
	at sun.reflect.NativeMethodAccessorImpl.invoke(NativeMethodAccessorImpl.java:62)
	at sun.reflect.DelegatingMethodAccessorImpl.invoke(DelegatingMethodAccessorImpl.java:43)
	at java.lang.reflect.Method.invoke(Method.java:498)
	at org.testng.internal.MethodInvocationHelper.invokeMethod(MethodInvocationHelper.java:86)
	at org.testng.internal.Invoker.invokeConfigurationMethod(Invoker.java:514)
	at org.testng.internal.Invoker.invokeConfigurations(Invoker.java:215)
	at org.testng.internal.Invoker.invokeMethod(Invoker.java:589)
	at org.testng.internal.Invoker.invokeTestMethod(Invoker.java:820)
	at org.testng.internal.Invoker.invokeTestMethods(Invoker.java:1128)
	at org.testng.internal.TestMethodWorker.invokeTestMethods(TestMethodWorker.java:129)
	at org.testng.internal.TestMethodWorker.run(TestMethodWorker.java:112)
	at org.testng.TestRunner.privateRun(TestRunner.java:782)
	at org.testng.TestRunner.run(TestRunner.java:632)
	at org.testng.SuiteRunner.runTest(SuiteRunner.java:366)
	at org.testng.SuiteRunner.runSequentially(SuiteRunner.java:361)
	at org.testng.SuiteRunner.privateRun(SuiteRunner.java:319)
	at org.testng.SuiteRunner.run(SuiteRunner.java:268)
	at org.testng.SuiteRunnerWorker.runSuite(SuiteRunnerWorker.java:52)
	at org.testng.SuiteRunnerWorker.run(SuiteRunnerWorker.java:86)
	at org.testng.TestNG.runSuitesSequentially(TestNG.java:1244)
	at org.testng.TestNG.runSuitesLocally(TestNG.java:1169)
	at org.testng.TestNG.run(TestNG.java:1064)
	at org.apache.maven.surefire.testng.TestNGExecutor.run(TestNGExecutor.java:281)
	at org.apache.maven.surefire.testng.TestNGXmlTestSuite.execute(TestNGXmlTestSuite.java:75)
	at org.apache.maven.surefire.testng.TestNGProvider.invoke(TestNGProvider.java:121)
	at org.apache.maven.surefire.booter.ForkedBooter.invokeProviderInSameClassLoader(ForkedBooter.java:290)
	at org.apache.maven.surefire.booter.ForkedBooter.runSuitesInProcess(ForkedBooter.java:242)
	at org.apache.maven.surefire.booter.ForkedBooter.main(ForkedBooter.java:121)
]]>
            </full-stacktrace>
          </exception> <!-- java.lang.AssertionError -->
          <reporter-output>
            <line>
              <![CDATA[Property file loaded successfully]]>
            </line>
            <line>
              <![CDATA[Initializing edge browser]]>
            </line>
          </reporter-output>
        </test-method> <!-- setUp -->
        <test-method status="SKIP" signature="validateUserLinkTextTest(java.lang.String)[pri:1, instance:testcase.EnterTimeTrackPageTest@6bf256fa]" name="validateUserLinkTextTest" duration-ms="0" started-at="2020-04-14T23:29:19Z" finished-at="2020-04-14T23:29:19Z">
          <params>
            <param index="0">
              <value>
                <![CDATA[non admin]]>
              </value>
            </param>
          </params>
          <reporter-output>
          </reporter-output>
        </test-method> <!-- validateUserLinkTextTest -->
        <test-method status="SKIP" signature="quit()[pri:0, instance:testcase.EnterTimeTrackPageTest@6bf256fa]" name="quit" is-config="true" duration-ms="0" started-at="2020-04-14T23:29:19Z" finished-at="2020-04-14T23:29:19Z">
          <reporter-output>
          </reporter-output>
        </test-method> <!-- quit -->
        <test-method status="SKIP" signature="setUp(java.lang.String, java.lang.String)[pri:0, instance:testcase.EnterTimeTrackPageTest@6bf256fa]" name="setUp" is-config="true" duration-ms="0" started-at="2020-04-14T23:29:19Z" finished-at="2020-04-14T23:29:19Z">
          <reporter-output>
          </reporter-output>
        </test-method> <!-- setUp -->
        <test-method status="SKIP" signature="validateUserLinkTest(java.lang.String)[pri:2, instance:testcase.EnterTimeTrackPageTest@6bf256fa]" name="validateUserLinkTest" duration-ms="0" started-at="2020-04-14T23:29:19Z" finished-at="2020-04-14T23:29:19Z">
          <params>
            <param index="0">
              <value>
                <![CDATA[non admin]]>
              </value>
            </param>
          </params>
          <reporter-output>
          </reporter-output>
        </test-method> <!-- validateUserLinkTest -->
        <test-method status="SKIP" signature="quit()[pri:0, instance:testcase.EnterTimeTrackPageTest@6bf256fa]" name="quit" is-config="true" duration-ms="0" started-at="2020-04-14T23:29:19Z" finished-at="2020-04-14T23:29:19Z">
          <reporter-output>
          </reporter-output>
        </test-method> <!-- quit -->
        <test-method status="SKIP" signature="validateFirstNameText(java.lang.String)[pri:3, instance:testcase.EnterTimeTrackPageTest@6bf256fa]" name="validateFirstNameText" duration-ms="1" started-at="2020-04-14T23:29:19Z" finished-at="2020-04-14T23:29:19Z">
          <params>
            <param index="0">
              <value>
                <![CDATA[non admin]]>
              </value>
            </param>
          </params>
          <reporter-output>
          </reporter-output>
        </test-method> <!-- validateFirstNameText -->
        <test-method status="SKIP" signature="setUp(java.lang.String, java.lang.String)[pri:0, instance:testcase.EnterTimeTrackPageTest@6bf256fa]" name="setUp" is-config="true" duration-ms="0" started-at="2020-04-14T23:29:19Z" finished-at="2020-04-14T23:29:19Z">
          <reporter-output>
          </reporter-output>
        </test-method> <!-- setUp -->
        <test-method status="SKIP" signature="quit()[pri:0, instance:testcase.EnterTimeTrackPageTest@6bf256fa]" name="quit" is-config="true" duration-ms="0" started-at="2020-04-14T23:29:19Z" finished-at="2020-04-14T23:29:19Z">
          <reporter-output>
          </reporter-output>
        </test-method> <!-- quit -->
        <test-method status="SKIP" signature="setUp(java.lang.String, java.lang.String)[pri:0, instance:testcase.EnterTimeTrackPageTest@6bf256fa]" name="setUp" is-config="true" duration-ms="0" started-at="2020-04-14T23:29:19Z" finished-at="2020-04-14T23:29:19Z">
          <reporter-output>
          </reporter-output>
        </test-method> <!-- setUp -->
        <test-method status="SKIP" signature="validateLastNameText(java.lang.String)[pri:4, instance:testcase.EnterTimeTrackPageTest@6bf256fa]" name="validateLastNameText" duration-ms="0" started-at="2020-04-14T23:29:19Z" finished-at="2020-04-14T23:29:19Z">
          <params>
            <param index="0">
              <value>
                <![CDATA[non admin]]>
              </value>
            </param>
          </params>
          <reporter-output>
          </reporter-output>
        </test-method> <!-- validateLastNameText -->
        <test-method status="SKIP" signature="quit()[pri:0, instance:testcase.EnterTimeTrackPageTest@6bf256fa]" name="quit" is-config="true" duration-ms="0" started-at="2020-04-14T23:29:19Z" finished-at="2020-04-14T23:29:19Z">
          <reporter-output>
          </reporter-output>
        </test-method> <!-- quit -->
        <test-method status="SKIP" signature="setUp(java.lang.String, java.lang.String)[pri:0, instance:testcase.EnterTimeTrackPageTest@6bf256fa]" name="setUp" is-config="true" duration-ms="0" started-at="2020-04-14T23:29:19Z" finished-at="2020-04-14T23:29:19Z">
          <reporter-output>
          </reporter-output>
        </test-method> <!-- setUp -->
        <test-method status="SKIP" signature="validateEmailText(java.lang.String)[pri:5, instance:testcase.EnterTimeTrackPageTest@6bf256fa]" name="validateEmailText" duration-ms="1" started-at="2020-04-14T23:29:19Z" finished-at="2020-04-14T23:29:19Z">
          <params>
            <param index="0">
              <value>
                <![CDATA[non admin]]>
              </value>
            </param>
          </params>
          <reporter-output>
          </reporter-output>
        </test-method> <!-- validateEmailText -->
        <test-method status="SKIP" signature="quit()[pri:0, instance:testcase.EnterTimeTrackPageTest@6bf256fa]" name="quit" is-config="true" duration-ms="0" started-at="2020-04-14T23:29:19Z" finished-at="2020-04-14T23:29:19Z">
          <reporter-output>
          </reporter-output>
        </test-method> <!-- quit -->
        <test-method status="SKIP" signature="validateUserNameText(java.lang.String)[pri:6, instance:testcase.EnterTimeTrackPageTest@6bf256fa]" name="validateUserNameText" duration-ms="1" started-at="2020-04-14T23:29:19Z" finished-at="2020-04-14T23:29:19Z">
          <params>
            <param index="0">
              <value>
                <![CDATA[non admin]]>
              </value>
            </param>
          </params>
          <reporter-output>
          </reporter-output>
        </test-method> <!-- validateUserNameText -->
        <test-method status="SKIP" signature="setUp(java.lang.String, java.lang.String)[pri:0, instance:testcase.EnterTimeTrackPageTest@6bf256fa]" name="setUp" is-config="true" duration-ms="0" started-at="2020-04-14T23:29:19Z" finished-at="2020-04-14T23:29:19Z">
          <reporter-output>
          </reporter-output>
        </test-method> <!-- setUp -->
        <test-method status="SKIP" signature="quit()[pri:0, instance:testcase.EnterTimeTrackPageTest@6bf256fa]" name="quit" is-config="true" duration-ms="0" started-at="2020-04-14T23:29:19Z" finished-at="2020-04-14T23:29:19Z">
          <reporter-output>
          </reporter-output>
        </test-method> <!-- quit -->
      </class> <!-- testcase.EnterTimeTrackPageTest -->
    </test> <!-- IE Test for non admin user -->
    <test name="IE Test for admin user" duration-ms="23384" started-at="2020-04-14T17:59:22Z" finished-at="2020-04-14T17:59:46Z">
      <class name="testcase.LoginPageTest">
        <test-method status="FAIL" signature="setUp(java.lang.String, java.lang.String)[pri:0, instance:testcase.LoginPageTest@3b81a1bc]" name="setUp" is-config="true" duration-ms="0" started-at="2020-04-14T23:29:22Z" finished-at="2020-04-14T23:29:22Z">
          <params>
            <param index="0">
              <value>
                <![CDATA[ie]]>
              </value>
            </param>
            <param index="1">
              <value>
                <![CDATA[admin]]>
              </value>
            </param>
          </params>
          <exception class="java.lang.AssertionError">
            <message>
              <![CDATA[expected [true] but found [false]]]>
            </message>
            <full-stacktrace>
              <![CDATA[java.lang.AssertionError: expected [true] but found [false]
	at org.testng.Assert.fail(Assert.java:94)
	at org.testng.Assert.failNotEquals(Assert.java:513)
	at org.testng.Assert.assertTrue(Assert.java:42)
	at org.testng.Assert.assertTrue(Assert.java:52)
	at base.TestBase.initializeBrowser(TestBase.java:105)
	at testcase.LoginPageTest.setUp(LoginPageTest.java:25)
	at sun.reflect.NativeMethodAccessorImpl.invoke0(Native Method)
	at sun.reflect.NativeMethodAccessorImpl.invoke(NativeMethodAccessorImpl.java:62)
	at sun.reflect.DelegatingMethodAccessorImpl.invoke(DelegatingMethodAccessorImpl.java:43)
	at java.lang.reflect.Method.invoke(Method.java:498)
	at org.testng.internal.MethodInvocationHelper.invokeMethod(MethodInvocationHelper.java:86)
	at org.testng.internal.Invoker.invokeConfigurationMethod(Invoker.java:514)
	at org.testng.internal.Invoker.invokeConfigurations(Invoker.java:215)
	at org.testng.internal.Invoker.invokeMethod(Invoker.java:589)
	at org.testng.internal.Invoker.invokeTestMethod(Invoker.java:820)
	at org.testng.internal.Invoker.invokeTestMethods(Invoker.java:1128)
	at org.testng.internal.TestMethodWorker.invokeTestMethods(TestMethodWorker.java:129)
	at org.testng.internal.TestMethodWorker.run(TestMethodWorker.java:112)
	at org.testng.TestRunner.privateRun(TestRunner.java:782)
	at org.testng.TestRunner.run(TestRunner.java:632)
	at org.testng.SuiteRunner.runTest(SuiteRunner.java:366)
	at org.testng.SuiteRunner.runSequentially(SuiteRunner.java:361)
	at org.testng.SuiteRunner.privateRun(SuiteRunner.java:319)
	at org.testng.SuiteRunner.run(SuiteRunner.java:268)
	at org.testng.SuiteRunnerWorker.runSuite(SuiteRunnerWorker.java:52)
	at org.testng.SuiteRunnerWorker.run(SuiteRunnerWorker.java:86)
	at org.testng.TestNG.runSuitesSequentially(TestNG.java:1244)
	at org.testng.TestNG.runSuitesLocally(TestNG.java:1169)
	at org.testng.TestNG.run(TestNG.java:1064)
	at org.apache.maven.surefire.testng.TestNGExecutor.run(TestNGExecutor.java:281)
	at org.apache.maven.surefire.testng.TestNGXmlTestSuite.execute(TestNGXmlTestSuite.java:75)
	at org.apache.maven.surefire.testng.TestNGProvider.invoke(TestNGProvider.java:121)
	at org.apache.maven.surefire.booter.ForkedBooter.invokeProviderInSameClassLoader(ForkedBooter.java:290)
	at org.apache.maven.surefire.booter.ForkedBooter.runSuitesInProcess(ForkedBooter.java:242)
	at org.apache.maven.surefire.booter.ForkedBooter.main(ForkedBooter.java:121)
]]>
            </full-stacktrace>
          </exception> <!-- java.lang.AssertionError -->
          <reporter-output>
            <line>
              <![CDATA[Property file loaded successfully]]>
            </line>
            <line>
              <![CDATA[Initializing edge browser]]>
            </line>
          </reporter-output>
        </test-method> <!-- setUp -->
        <test-method status="SKIP" signature="validatePageTitleTest()[pri:1, instance:testcase.LoginPageTest@3b81a1bc]" name="validatePageTitleTest" duration-ms="1" started-at="2020-04-14T23:29:33Z" finished-at="2020-04-14T23:29:33Z">
          <reporter-output>
          </reporter-output>
        </test-method> <!-- validatePageTitleTest -->
        <test-method status="SKIP" signature="quit()[pri:0, instance:testcase.LoginPageTest@3b81a1bc]" name="quit" is-config="true" duration-ms="0" started-at="2020-04-14T23:29:33Z" finished-at="2020-04-14T23:29:33Z">
          <reporter-output>
          </reporter-output>
        </test-method> <!-- quit -->
        <test-method status="SKIP" signature="validateLoginTest(java.lang.String)[pri:3, instance:testcase.LoginPageTest@3b81a1bc]" name="validateLoginTest" duration-ms="0" started-at="2020-04-14T23:29:33Z" depends-on-methods="testcase.LoginPageTest.validatePageTitleTest" finished-at="2020-04-14T23:29:33Z">
          <exception class="java.lang.Throwable">
            <message>
              <![CDATA[Method LoginPageTest.validateLoginTest(java.lang.String)[pri:3, instance:testcase.LoginPageTest@3b81a1bc] depends on not successfully finished methods]]>
            </message>
            <full-stacktrace>
              <![CDATA[java.lang.Throwable: Method LoginPageTest.validateLoginTest(java.lang.String)[pri:3, instance:testcase.LoginPageTest@3b81a1bc] depends on not successfully finished methods
	at org.testng.internal.Invoker.invokeTestMethods(Invoker.java:1037)
	at org.testng.internal.TestMethodWorker.invokeTestMethods(TestMethodWorker.java:129)
	at org.testng.internal.TestMethodWorker.run(TestMethodWorker.java:112)
	at org.testng.TestRunner.privateRun(TestRunner.java:782)
	at org.testng.TestRunner.run(TestRunner.java:632)
	at org.testng.SuiteRunner.runTest(SuiteRunner.java:366)
	at org.testng.SuiteRunner.runSequentially(SuiteRunner.java:361)
	at org.testng.SuiteRunner.privateRun(SuiteRunner.java:319)
	at org.testng.SuiteRunner.run(SuiteRunner.java:268)
	at org.testng.SuiteRunnerWorker.runSuite(SuiteRunnerWorker.java:52)
	at org.testng.SuiteRunnerWorker.run(SuiteRunnerWorker.java:86)
	at org.testng.TestNG.runSuitesSequentially(TestNG.java:1244)
	at org.testng.TestNG.runSuitesLocally(TestNG.java:1169)
	at org.testng.TestNG.run(TestNG.java:1064)
	at org.apache.maven.surefire.testng.TestNGExecutor.run(TestNGExecutor.java:281)
	at org.apache.maven.surefire.testng.TestNGXmlTestSuite.execute(TestNGXmlTestSuite.java:75)
	at org.apache.maven.surefire.testng.TestNGProvider.invoke(TestNGProvider.java:121)
	at org.apache.maven.surefire.booter.ForkedBooter.invokeProviderInSameClassLoader(ForkedBooter.java:290)
	at org.apache.maven.surefire.booter.ForkedBooter.runSuitesInProcess(ForkedBooter.java:242)
	at org.apache.maven.surefire.booter.ForkedBooter.main(ForkedBooter.java:121)
]]>
            </full-stacktrace>
          </exception> <!-- java.lang.Throwable -->
          <reporter-output>
          </reporter-output>
        </test-method> <!-- validateLoginTest -->
        <test-method status="SKIP" signature="validateActiTimeLogoTest()[pri:2, instance:testcase.LoginPageTest@3b81a1bc]" name="validateActiTimeLogoTest" duration-ms="0" started-at="2020-04-14T23:29:33Z" depends-on-methods="testcase.LoginPageTest.validatePageTitleTest" finished-at="2020-04-14T23:29:33Z">
          <exception class="java.lang.Throwable">
            <message>
              <![CDATA[Method LoginPageTest.validateActiTimeLogoTest()[pri:2, instance:testcase.LoginPageTest@3b81a1bc] depends on not successfully finished methods]]>
            </message>
            <full-stacktrace>
              <![CDATA[java.lang.Throwable: Method LoginPageTest.validateActiTimeLogoTest()[pri:2, instance:testcase.LoginPageTest@3b81a1bc] depends on not successfully finished methods
	at org.testng.internal.Invoker.invokeTestMethods(Invoker.java:1037)
	at org.testng.internal.TestMethodWorker.invokeTestMethods(TestMethodWorker.java:129)
	at org.testng.internal.TestMethodWorker.run(TestMethodWorker.java:112)
	at org.testng.TestRunner.privateRun(TestRunner.java:782)
	at org.testng.TestRunner.run(TestRunner.java:632)
	at org.testng.SuiteRunner.runTest(SuiteRunner.java:366)
	at org.testng.SuiteRunner.runSequentially(SuiteRunner.java:361)
	at org.testng.SuiteRunner.privateRun(SuiteRunner.java:319)
	at org.testng.SuiteRunner.run(SuiteRunner.java:268)
	at org.testng.SuiteRunnerWorker.runSuite(SuiteRunnerWorker.java:52)
	at org.testng.SuiteRunnerWorker.run(SuiteRunnerWorker.java:86)
	at org.testng.TestNG.runSuitesSequentially(TestNG.java:1244)
	at org.testng.TestNG.runSuitesLocally(TestNG.java:1169)
	at org.testng.TestNG.run(TestNG.java:1064)
	at org.apache.maven.surefire.testng.TestNGExecutor.run(TestNGExecutor.java:281)
	at org.apache.maven.surefire.testng.TestNGXmlTestSuite.execute(TestNGXmlTestSuite.java:75)
	at org.apache.maven.surefire.testng.TestNGProvider.invoke(TestNGProvider.java:121)
	at org.apache.maven.surefire.booter.ForkedBooter.invokeProviderInSameClassLoader(ForkedBooter.java:290)
	at org.apache.maven.surefire.booter.ForkedBooter.runSuitesInProcess(ForkedBooter.java:242)
	at org.apache.maven.surefire.booter.ForkedBooter.main(ForkedBooter.java:121)
]]>
            </full-stacktrace>
          </exception> <!-- java.lang.Throwable -->
          <reporter-output>
          </reporter-output>
        </test-method> <!-- validateActiTimeLogoTest -->
        <test-method status="SKIP" signature="validateLogout(java.lang.String)[pri:4, instance:testcase.LoginPageTest@3b81a1bc]" name="validateLogout" duration-ms="0" started-at="2020-04-14T23:29:33Z" depends-on-methods="testcase.LoginPageTest.validatePageTitleTest" finished-at="2020-04-14T23:29:33Z">
          <exception class="java.lang.Throwable">
            <message>
              <![CDATA[Method LoginPageTest.validateLogout(java.lang.String)[pri:4, instance:testcase.LoginPageTest@3b81a1bc] depends on not successfully finished methods]]>
            </message>
            <full-stacktrace>
              <![CDATA[java.lang.Throwable: Method LoginPageTest.validateLogout(java.lang.String)[pri:4, instance:testcase.LoginPageTest@3b81a1bc] depends on not successfully finished methods
	at org.testng.internal.Invoker.invokeTestMethods(Invoker.java:1037)
	at org.testng.internal.TestMethodWorker.invokeTestMethods(TestMethodWorker.java:129)
	at org.testng.internal.TestMethodWorker.run(TestMethodWorker.java:112)
	at org.testng.TestRunner.privateRun(TestRunner.java:782)
	at org.testng.TestRunner.run(TestRunner.java:632)
	at org.testng.SuiteRunner.runTest(SuiteRunner.java:366)
	at org.testng.SuiteRunner.runSequentially(SuiteRunner.java:361)
	at org.testng.SuiteRunner.privateRun(SuiteRunner.java:319)
	at org.testng.SuiteRunner.run(SuiteRunner.java:268)
	at org.testng.SuiteRunnerWorker.runSuite(SuiteRunnerWorker.java:52)
	at org.testng.SuiteRunnerWorker.run(SuiteRunnerWorker.java:86)
	at org.testng.TestNG.runSuitesSequentially(TestNG.java:1244)
	at org.testng.TestNG.runSuitesLocally(TestNG.java:1169)
	at org.testng.TestNG.run(TestNG.java:1064)
	at org.apache.maven.surefire.testng.TestNGExecutor.run(TestNGExecutor.java:281)
	at org.apache.maven.surefire.testng.TestNGXmlTestSuite.execute(TestNGXmlTestSuite.java:75)
	at org.apache.maven.surefire.testng.TestNGProvider.invoke(TestNGProvider.java:121)
	at org.apache.maven.surefire.booter.ForkedBooter.invokeProviderInSameClassLoader(ForkedBooter.java:290)
	at org.apache.maven.surefire.booter.ForkedBooter.runSuitesInProcess(ForkedBooter.java:242)
	at org.apache.maven.surefire.booter.ForkedBooter.main(ForkedBooter.java:121)
]]>
            </full-stacktrace>
          </exception> <!-- java.lang.Throwable -->
          <reporter-output>
          </reporter-output>
        </test-method> <!-- validateLogout -->
      </class> <!-- testcase.LoginPageTest -->
      <class name="testcase.EnterTimeTrackPageTest">
        <test-method status="FAIL" signature="setUp(java.lang.String, java.lang.String)[pri:0, instance:testcase.EnterTimeTrackPageTest@64616ca2]" name="setUp" is-config="true" duration-ms="0" started-at="2020-04-14T23:29:33Z" finished-at="2020-04-14T23:29:33Z">
          <params>
            <param index="0">
              <value>
                <![CDATA[ie]]>
              </value>
            </param>
            <param index="1">
              <value>
                <![CDATA[admin]]>
              </value>
            </param>
          </params>
          <exception class="java.lang.AssertionError">
            <message>
              <![CDATA[expected [true] but found [false]]]>
            </message>
            <full-stacktrace>
              <![CDATA[java.lang.AssertionError: expected [true] but found [false]
	at org.testng.Assert.fail(Assert.java:94)
	at org.testng.Assert.failNotEquals(Assert.java:513)
	at org.testng.Assert.assertTrue(Assert.java:42)
	at org.testng.Assert.assertTrue(Assert.java:52)
	at base.TestBase.initializeBrowser(TestBase.java:105)
	at testcase.EnterTimeTrackPageTest.setUp(EnterTimeTrackPageTest.java:35)
	at sun.reflect.NativeMethodAccessorImpl.invoke0(Native Method)
	at sun.reflect.NativeMethodAccessorImpl.invoke(NativeMethodAccessorImpl.java:62)
	at sun.reflect.DelegatingMethodAccessorImpl.invoke(DelegatingMethodAccessorImpl.java:43)
	at java.lang.reflect.Method.invoke(Method.java:498)
	at org.testng.internal.MethodInvocationHelper.invokeMethod(MethodInvocationHelper.java:86)
	at org.testng.internal.Invoker.invokeConfigurationMethod(Invoker.java:514)
	at org.testng.internal.Invoker.invokeConfigurations(Invoker.java:215)
	at org.testng.internal.Invoker.invokeMethod(Invoker.java:589)
	at org.testng.internal.Invoker.invokeTestMethod(Invoker.java:820)
	at org.testng.internal.Invoker.invokeTestMethods(Invoker.java:1128)
	at org.testng.internal.TestMethodWorker.invokeTestMethods(TestMethodWorker.java:129)
	at org.testng.internal.TestMethodWorker.run(TestMethodWorker.java:112)
	at org.testng.TestRunner.privateRun(TestRunner.java:782)
	at org.testng.TestRunner.run(TestRunner.java:632)
	at org.testng.SuiteRunner.runTest(SuiteRunner.java:366)
	at org.testng.SuiteRunner.runSequentially(SuiteRunner.java:361)
	at org.testng.SuiteRunner.privateRun(SuiteRunner.java:319)
	at org.testng.SuiteRunner.run(SuiteRunner.java:268)
	at org.testng.SuiteRunnerWorker.runSuite(SuiteRunnerWorker.java:52)
	at org.testng.SuiteRunnerWorker.run(SuiteRunnerWorker.java:86)
	at org.testng.TestNG.runSuitesSequentially(TestNG.java:1244)
	at org.testng.TestNG.runSuitesLocally(TestNG.java:1169)
	at org.testng.TestNG.run(TestNG.java:1064)
	at org.apache.maven.surefire.testng.TestNGExecutor.run(TestNGExecutor.java:281)
	at org.apache.maven.surefire.testng.TestNGXmlTestSuite.execute(TestNGXmlTestSuite.java:75)
	at org.apache.maven.surefire.testng.TestNGProvider.invoke(TestNGProvider.java:121)
	at org.apache.maven.surefire.booter.ForkedBooter.invokeProviderInSameClassLoader(ForkedBooter.java:290)
	at org.apache.maven.surefire.booter.ForkedBooter.runSuitesInProcess(ForkedBooter.java:242)
	at org.apache.maven.surefire.booter.ForkedBooter.main(ForkedBooter.java:121)
]]>
            </full-stacktrace>
          </exception> <!-- java.lang.AssertionError -->
          <reporter-output>
            <line>
              <![CDATA[Property file loaded successfully]]>
            </line>
            <line>
              <![CDATA[Initializing edge browser]]>
            </line>
          </reporter-output>
        </test-method> <!-- setUp -->
        <test-method status="SKIP" signature="validateUserLinkTextTest(java.lang.String)[pri:1, instance:testcase.EnterTimeTrackPageTest@64616ca2]" name="validateUserLinkTextTest" duration-ms="0" started-at="2020-04-14T23:29:46Z" finished-at="2020-04-14T23:29:46Z">
          <params>
            <param index="0">
              <value>
                <![CDATA[admin]]>
              </value>
            </param>
          </params>
          <reporter-output>
          </reporter-output>
        </test-method> <!-- validateUserLinkTextTest -->
        <test-method status="SKIP" signature="quit()[pri:0, instance:testcase.EnterTimeTrackPageTest@64616ca2]" name="quit" is-config="true" duration-ms="0" started-at="2020-04-14T23:29:46Z" finished-at="2020-04-14T23:29:46Z">
          <reporter-output>
          </reporter-output>
        </test-method> <!-- quit -->
        <test-method status="SKIP" signature="setUp(java.lang.String, java.lang.String)[pri:0, instance:testcase.EnterTimeTrackPageTest@64616ca2]" name="setUp" is-config="true" duration-ms="0" started-at="2020-04-14T23:29:46Z" finished-at="2020-04-14T23:29:46Z">
          <reporter-output>
          </reporter-output>
        </test-method> <!-- setUp -->
        <test-method status="SKIP" signature="validateUserLinkTest(java.lang.String)[pri:2, instance:testcase.EnterTimeTrackPageTest@64616ca2]" name="validateUserLinkTest" duration-ms="1" started-at="2020-04-14T23:29:46Z" finished-at="2020-04-14T23:29:46Z">
          <params>
            <param index="0">
              <value>
                <![CDATA[admin]]>
              </value>
            </param>
          </params>
          <reporter-output>
          </reporter-output>
        </test-method> <!-- validateUserLinkTest -->
        <test-method status="SKIP" signature="quit()[pri:0, instance:testcase.EnterTimeTrackPageTest@64616ca2]" name="quit" is-config="true" duration-ms="0" started-at="2020-04-14T23:29:46Z" finished-at="2020-04-14T23:29:46Z">
          <reporter-output>
          </reporter-output>
        </test-method> <!-- quit -->
        <test-method status="SKIP" signature="setUp(java.lang.String, java.lang.String)[pri:0, instance:testcase.EnterTimeTrackPageTest@64616ca2]" name="setUp" is-config="true" duration-ms="0" started-at="2020-04-14T23:29:46Z" finished-at="2020-04-14T23:29:46Z">
          <reporter-output>
          </reporter-output>
        </test-method> <!-- setUp -->
        <test-method status="SKIP" signature="validateFirstNameText(java.lang.String)[pri:3, instance:testcase.EnterTimeTrackPageTest@64616ca2]" name="validateFirstNameText" duration-ms="1" started-at="2020-04-14T23:29:46Z" finished-at="2020-04-14T23:29:46Z">
          <params>
            <param index="0">
              <value>
                <![CDATA[admin]]>
              </value>
            </param>
          </params>
          <reporter-output>
          </reporter-output>
        </test-method> <!-- validateFirstNameText -->
        <test-method status="SKIP" signature="quit()[pri:0, instance:testcase.EnterTimeTrackPageTest@64616ca2]" name="quit" is-config="true" duration-ms="0" started-at="2020-04-14T23:29:46Z" finished-at="2020-04-14T23:29:46Z">
          <reporter-output>
          </reporter-output>
        </test-method> <!-- quit -->
        <test-method status="SKIP" signature="setUp(java.lang.String, java.lang.String)[pri:0, instance:testcase.EnterTimeTrackPageTest@64616ca2]" name="setUp" is-config="true" duration-ms="0" started-at="2020-04-14T23:29:46Z" finished-at="2020-04-14T23:29:46Z">
          <reporter-output>
          </reporter-output>
        </test-method> <!-- setUp -->
        <test-method status="SKIP" signature="validateLastNameText(java.lang.String)[pri:4, instance:testcase.EnterTimeTrackPageTest@64616ca2]" name="validateLastNameText" duration-ms="1" started-at="2020-04-14T23:29:46Z" finished-at="2020-04-14T23:29:46Z">
          <params>
            <param index="0">
              <value>
                <![CDATA[admin]]>
              </value>
            </param>
          </params>
          <reporter-output>
          </reporter-output>
        </test-method> <!-- validateLastNameText -->
        <test-method status="SKIP" signature="quit()[pri:0, instance:testcase.EnterTimeTrackPageTest@64616ca2]" name="quit" is-config="true" duration-ms="0" started-at="2020-04-14T23:29:46Z" finished-at="2020-04-14T23:29:46Z">
          <reporter-output>
          </reporter-output>
        </test-method> <!-- quit -->
        <test-method status="SKIP" signature="setUp(java.lang.String, java.lang.String)[pri:0, instance:testcase.EnterTimeTrackPageTest@64616ca2]" name="setUp" is-config="true" duration-ms="0" started-at="2020-04-14T23:29:46Z" finished-at="2020-04-14T23:29:46Z">
          <reporter-output>
          </reporter-output>
        </test-method> <!-- setUp -->
        <test-method status="SKIP" signature="validateEmailText(java.lang.String)[pri:5, instance:testcase.EnterTimeTrackPageTest@64616ca2]" name="validateEmailText" duration-ms="1" started-at="2020-04-14T23:29:46Z" finished-at="2020-04-14T23:29:46Z">
          <params>
            <param index="0">
              <value>
                <![CDATA[admin]]>
              </value>
            </param>
          </params>
          <reporter-output>
          </reporter-output>
        </test-method> <!-- validateEmailText -->
        <test-method status="SKIP" signature="quit()[pri:0, instance:testcase.EnterTimeTrackPageTest@64616ca2]" name="quit" is-config="true" duration-ms="0" started-at="2020-04-14T23:29:46Z" finished-at="2020-04-14T23:29:46Z">
          <reporter-output>
          </reporter-output>
        </test-method> <!-- quit -->
        <test-method status="SKIP" signature="validateUserNameText(java.lang.String)[pri:6, instance:testcase.EnterTimeTrackPageTest@64616ca2]" name="validateUserNameText" duration-ms="0" started-at="2020-04-14T23:29:46Z" finished-at="2020-04-14T23:29:46Z">
          <params>
            <param index="0">
              <value>
                <![CDATA[admin]]>
              </value>
            </param>
          </params>
          <reporter-output>
          </reporter-output>
        </test-method> <!-- validateUserNameText -->
        <test-method status="SKIP" signature="setUp(java.lang.String, java.lang.String)[pri:0, instance:testcase.EnterTimeTrackPageTest@64616ca2]" name="setUp" is-config="true" duration-ms="0" started-at="2020-04-14T23:29:46Z" finished-at="2020-04-14T23:29:46Z">
          <reporter-output>
          </reporter-output>
        </test-method> <!-- setUp -->
        <test-method status="SKIP" signature="quit()[pri:0, instance:testcase.EnterTimeTrackPageTest@64616ca2]" name="quit" is-config="true" duration-ms="0" started-at="2020-04-14T23:29:46Z" finished-at="2020-04-14T23:29:46Z">
          <reporter-output>
          </reporter-output>
        </test-method> <!-- quit -->
      </class> <!-- testcase.EnterTimeTrackPageTest -->
    </test> <!-- IE Test for admin user -->
  </suite> <!-- Actitime Regression Suite -->
</testng-results>
