<?xml version="1.0" encoding="UTF-8"?>
<testng-results skipped="2" failed="1" total="5" passed="2">
  <reporter-output>
    <line>
      <![CDATA[@BeforeTest method - ]]>
    </line>
    <line>
      <![CDATA[@validatePageTitleTest method - ]]>
    </line>
    <line>
      <![CDATA[@BeforeTest method - ]]>
    </line>
    <line>
      <![CDATA[@validatePageTitleTest method - ]]>
    </line>
    <line>
      <![CDATA[@BeforeTest method - ]]>
    </line>
    <line>
      <![CDATA[@validatePageTitleTest method - ]]>
    </line>
    <line>
      <![CDATA[onTestFailure called]]>
    </line>
    <line>
      <![CDATA[@BeforeTest method - ]]>
    </line>
    <line>
      <![CDATA[validateActiTimeLogoTest method - ]]>
    </line>
    <line>
      <![CDATA[@BeforeTest method - ]]>
    </line>
    <line>
      <![CDATA[validateLoginTest method - ]]>
    </line>
  </reporter-output>
  <suite name="Suite" duration-ms="123491" started-at="2020-01-20T18:08:10Z" finished-at="2020-01-20T18:10:14Z">
    <groups>
    </groups>
    <test name="Test" duration-ms="123491" started-at="2020-01-20T18:08:10Z" finished-at="2020-01-20T18:10:14Z">
      <class name="testcase.LoginPageTest">
        <test-method status="PASS" signature="setUp()[pri:0, instance:testcase.LoginPageTest@4cdbe50f]" name="setUp" is-config="true" duration-ms="26923" started-at="2020-01-20T23:38:10Z" finished-at="2020-01-20T23:38:37Z">
          <reporter-output>
            <line>
              <![CDATA[@BeforeTest method - ]]>
            </line>
          </reporter-output>
        </test-method> <!-- setUp -->
        <test-method status="SKIP" signature="validatePageTitleTest()[pri:1, instance:testcase.LoginPageTest@4cdbe50f]" name="validatePageTitleTest" duration-ms="29" started-at="2020-01-20T23:38:37Z" finished-at="2020-01-20T23:38:37Z">
          <exception class="java.lang.AssertionError">
            <message>
              <![CDATA[expected [actiTIME - Login1] but found [actiTIME - Login]]]>
            </message>
            <full-stacktrace>
              <![CDATA[java.lang.AssertionError: expected [actiTIME - Login1] but found [actiTIME - Login]
	at org.testng.Assert.fail(Assert.java:94)
	at org.testng.Assert.failNotEquals(Assert.java:513)
	at org.testng.Assert.assertEqualsImpl(Assert.java:135)
	at org.testng.Assert.assertEquals(Assert.java:116)
	at org.testng.Assert.assertEquals(Assert.java:190)
	at org.testng.Assert.assertEquals(Assert.java:200)
	at testcase.LoginPageTest.validatePageTitleTest(LoginPageTest.java:37)
	at sun.reflect.NativeMethodAccessorImpl.invoke0(Native Method)
	at sun.reflect.NativeMethodAccessorImpl.invoke(NativeMethodAccessorImpl.java:62)
	at sun.reflect.DelegatingMethodAccessorImpl.invoke(DelegatingMethodAccessorImpl.java:43)
	at java.lang.reflect.Method.invoke(Method.java:498)
	at org.testng.internal.MethodInvocationHelper.invokeMethod(MethodInvocationHelper.java:86)
	at org.testng.internal.Invoker.invokeMethod(Invoker.java:643)
	at org.testng.internal.Invoker.invokeTestMethod(Invoker.java:820)
	at org.testng.internal.Invoker.invokeTestMethods(Invoker.java:1128)
	at org.testng.internal.TestMethodWorker.invokeTestMethods(TestMethodWorker.java:129)
	at org.testng.internal.TestMethodWorker.run(TestMethodWorker.java:112)
	at org.testng.TestRunner.privateRun(TestRunner.java:782)
	at org.testng.TestRunner.run(TestRunner.java:632)
	at org.testng.SuiteRunner.runTest(SuiteRunner.java:366)
	at org.testng.SuiteRunner.runSequentially(SuiteRunner.java:361)
	at org.testng.SuiteRunner.privateRun(SuiteRunner.java:319)
	at org.testng.SuiteRunner.run(SuiteRunner.java:268)
	at org.testng.SuiteRunnerWorker.runSuite(SuiteRunnerWorker.java:52)
	at org.testng.SuiteRunnerWorker.run(SuiteRunnerWorker.java:86)
	at org.testng.TestNG.runSuitesSequentially(TestNG.java:1244)
	at org.testng.TestNG.runSuitesLocally(TestNG.java:1169)
	at org.testng.TestNG.run(TestNG.java:1064)
	at org.testng.remote.RemoteTestNG.run(RemoteTestNG.java:113)
	at org.testng.remote.RemoteTestNG.initAndRun(RemoteTestNG.java:206)
	at org.testng.remote.RemoteTestNG.main(RemoteTestNG.java:177)
]]>
            </full-stacktrace>
          </exception> <!-- java.lang.AssertionError -->
          <reporter-output>
            <line>
              <![CDATA[@validatePageTitleTest method - ]]>
            </line>
          </reporter-output>
        </test-method> <!-- validatePageTitleTest -->
        <test-method status="PASS" signature="quit(org.testng.ITestResult)[pri:0, instance:testcase.LoginPageTest@4cdbe50f]" name="quit" is-config="true" duration-ms="727" started-at="2020-01-20T23:38:37Z" finished-at="2020-01-20T23:38:38Z">
          <params>
            <param index="0">
              <value>
                <![CDATA[[TestResult name=validatePageTitleTest status=SKIP method=LoginPageTest.validatePageTitleTest()[pri:1, instance:testcase.LoginPageTest@4cdbe50f] output=@validatePageTitleTest method - ]]]>
              </value>
            </param>
          </params>
          <reporter-output>
          </reporter-output>
        </test-method> <!-- quit -->
        <test-method status="PASS" signature="setUp()[pri:0, instance:testcase.LoginPageTest@4cdbe50f]" name="setUp" is-config="true" duration-ms="22414" started-at="2020-01-20T23:38:38Z" finished-at="2020-01-20T23:39:01Z">
          <reporter-output>
            <line>
              <![CDATA[@BeforeTest method - ]]>
            </line>
          </reporter-output>
        </test-method> <!-- setUp -->
        <test-method status="SKIP" signature="validatePageTitleTest()[pri:1, instance:testcase.LoginPageTest@4cdbe50f]" name="validatePageTitleTest" duration-ms="38" started-at="2020-01-20T23:39:01Z" finished-at="2020-01-20T23:39:01Z">
          <exception class="java.lang.AssertionError">
            <message>
              <![CDATA[expected [actiTIME - Login1] but found [actiTIME - Login]]]>
            </message>
            <full-stacktrace>
              <![CDATA[java.lang.AssertionError: expected [actiTIME - Login1] but found [actiTIME - Login]
	at org.testng.Assert.fail(Assert.java:94)
	at org.testng.Assert.failNotEquals(Assert.java:513)
	at org.testng.Assert.assertEqualsImpl(Assert.java:135)
	at org.testng.Assert.assertEquals(Assert.java:116)
	at org.testng.Assert.assertEquals(Assert.java:190)
	at org.testng.Assert.assertEquals(Assert.java:200)
	at testcase.LoginPageTest.validatePageTitleTest(LoginPageTest.java:37)
	at sun.reflect.NativeMethodAccessorImpl.invoke0(Native Method)
	at sun.reflect.NativeMethodAccessorImpl.invoke(NativeMethodAccessorImpl.java:62)
	at sun.reflect.DelegatingMethodAccessorImpl.invoke(DelegatingMethodAccessorImpl.java:43)
	at java.lang.reflect.Method.invoke(Method.java:498)
	at org.testng.internal.MethodInvocationHelper.invokeMethod(MethodInvocationHelper.java:86)
	at org.testng.internal.Invoker.invokeMethod(Invoker.java:643)
	at org.testng.internal.Invoker.retryFailed(Invoker.java:967)
	at org.testng.internal.Invoker.invokeTestMethods(Invoker.java:1146)
	at org.testng.internal.TestMethodWorker.invokeTestMethods(TestMethodWorker.java:129)
	at org.testng.internal.TestMethodWorker.run(TestMethodWorker.java:112)
	at org.testng.TestRunner.privateRun(TestRunner.java:782)
	at org.testng.TestRunner.run(TestRunner.java:632)
	at org.testng.SuiteRunner.runTest(SuiteRunner.java:366)
	at org.testng.SuiteRunner.runSequentially(SuiteRunner.java:361)
	at org.testng.SuiteRunner.privateRun(SuiteRunner.java:319)
	at org.testng.SuiteRunner.run(SuiteRunner.java:268)
	at org.testng.SuiteRunnerWorker.runSuite(SuiteRunnerWorker.java:52)
	at org.testng.SuiteRunnerWorker.run(SuiteRunnerWorker.java:86)
	at org.testng.TestNG.runSuitesSequentially(TestNG.java:1244)
	at org.testng.TestNG.runSuitesLocally(TestNG.java:1169)
	at org.testng.TestNG.run(TestNG.java:1064)
	at org.testng.remote.RemoteTestNG.run(RemoteTestNG.java:113)
	at org.testng.remote.RemoteTestNG.initAndRun(RemoteTestNG.java:206)
	at org.testng.remote.RemoteTestNG.main(RemoteTestNG.java:177)
]]>
            </full-stacktrace>
          </exception> <!-- java.lang.AssertionError -->
          <reporter-output>
            <line>
              <![CDATA[@validatePageTitleTest method - ]]>
            </line>
          </reporter-output>
        </test-method> <!-- validatePageTitleTest -->
        <test-method status="PASS" signature="quit(org.testng.ITestResult)[pri:0, instance:testcase.LoginPageTest@4cdbe50f]" name="quit" is-config="true" duration-ms="719" started-at="2020-01-20T23:39:01Z" finished-at="2020-01-20T23:39:01Z">
          <params>
            <param index="0">
              <value>
                <![CDATA[[TestResult name=validatePageTitleTest status=SKIP method=LoginPageTest.validatePageTitleTest()[pri:1, instance:testcase.LoginPageTest@4cdbe50f] output=@validatePageTitleTest method - ]]]>
              </value>
            </param>
          </params>
          <reporter-output>
          </reporter-output>
        </test-method> <!-- quit -->
        <test-method status="PASS" signature="setUp()[pri:0, instance:testcase.LoginPageTest@4cdbe50f]" name="setUp" is-config="true" duration-ms="21034" started-at="2020-01-20T23:39:01Z" finished-at="2020-01-20T23:39:22Z">
          <reporter-output>
            <line>
              <![CDATA[@BeforeTest method - ]]>
            </line>
          </reporter-output>
        </test-method> <!-- setUp -->
        <test-method status="FAIL" signature="validatePageTitleTest()[pri:1, instance:testcase.LoginPageTest@4cdbe50f]" name="validatePageTitleTest" duration-ms="20" started-at="2020-01-20T23:39:22Z" finished-at="2020-01-20T23:39:22Z">
          <exception class="java.lang.AssertionError">
            <message>
              <![CDATA[expected [actiTIME - Login1] but found [actiTIME - Login]]]>
            </message>
            <full-stacktrace>
              <![CDATA[java.lang.AssertionError: expected [actiTIME - Login1] but found [actiTIME - Login]
	at org.testng.Assert.fail(Assert.java:94)
	at org.testng.Assert.failNotEquals(Assert.java:513)
	at org.testng.Assert.assertEqualsImpl(Assert.java:135)
	at org.testng.Assert.assertEquals(Assert.java:116)
	at org.testng.Assert.assertEquals(Assert.java:190)
	at org.testng.Assert.assertEquals(Assert.java:200)
	at testcase.LoginPageTest.validatePageTitleTest(LoginPageTest.java:37)
	at sun.reflect.NativeMethodAccessorImpl.invoke0(Native Method)
	at sun.reflect.NativeMethodAccessorImpl.invoke(NativeMethodAccessorImpl.java:62)
	at sun.reflect.DelegatingMethodAccessorImpl.invoke(DelegatingMethodAccessorImpl.java:43)
	at java.lang.reflect.Method.invoke(Method.java:498)
	at org.testng.internal.MethodInvocationHelper.invokeMethod(MethodInvocationHelper.java:86)
	at org.testng.internal.Invoker.invokeMethod(Invoker.java:643)
	at org.testng.internal.Invoker.retryFailed(Invoker.java:967)
	at org.testng.internal.Invoker.invokeTestMethods(Invoker.java:1146)
	at org.testng.internal.TestMethodWorker.invokeTestMethods(TestMethodWorker.java:129)
	at org.testng.internal.TestMethodWorker.run(TestMethodWorker.java:112)
	at org.testng.TestRunner.privateRun(TestRunner.java:782)
	at org.testng.TestRunner.run(TestRunner.java:632)
	at org.testng.SuiteRunner.runTest(SuiteRunner.java:366)
	at org.testng.SuiteRunner.runSequentially(SuiteRunner.java:361)
	at org.testng.SuiteRunner.privateRun(SuiteRunner.java:319)
	at org.testng.SuiteRunner.run(SuiteRunner.java:268)
	at org.testng.SuiteRunnerWorker.runSuite(SuiteRunnerWorker.java:52)
	at org.testng.SuiteRunnerWorker.run(SuiteRunnerWorker.java:86)
	at org.testng.TestNG.runSuitesSequentially(TestNG.java:1244)
	at org.testng.TestNG.runSuitesLocally(TestNG.java:1169)
	at org.testng.TestNG.run(TestNG.java:1064)
	at org.testng.remote.RemoteTestNG.run(RemoteTestNG.java:113)
	at org.testng.remote.RemoteTestNG.initAndRun(RemoteTestNG.java:206)
	at org.testng.remote.RemoteTestNG.main(RemoteTestNG.java:177)
]]>
            </full-stacktrace>
          </exception> <!-- java.lang.AssertionError -->
          <reporter-output>
            <line>
              <![CDATA[@validatePageTitleTest method - ]]>
            </line>
            <line>
              <![CDATA[onTestFailure called]]>
            </line>
          </reporter-output>
        </test-method> <!-- validatePageTitleTest -->
        <test-method status="PASS" signature="quit(org.testng.ITestResult)[pri:0, instance:testcase.LoginPageTest@4cdbe50f]" name="quit" is-config="true" duration-ms="689" started-at="2020-01-20T23:39:23Z" finished-at="2020-01-20T23:39:24Z">
          <params>
            <param index="0">
              <value>
                <![CDATA[[TestResult name=validatePageTitleTest status=FAILURE method=LoginPageTest.validatePageTitleTest()[pri:1, instance:testcase.LoginPageTest@4cdbe50f] output=@validatePageTitleTest method - ]]]>
              </value>
            </param>
          </params>
          <reporter-output>
          </reporter-output>
        </test-method> <!-- quit -->
        <test-method status="PASS" signature="setUp()[pri:0, instance:testcase.LoginPageTest@4cdbe50f]" name="setUp" is-config="true" duration-ms="24915" started-at="2020-01-20T23:39:24Z" finished-at="2020-01-20T23:39:49Z">
          <reporter-output>
            <line>
              <![CDATA[@BeforeTest method - ]]>
            </line>
          </reporter-output>
        </test-method> <!-- setUp -->
        <test-method status="PASS" signature="validateActiTimeLogoTest()[pri:2, instance:testcase.LoginPageTest@4cdbe50f]" name="validateActiTimeLogoTest" duration-ms="111" started-at="2020-01-20T23:39:49Z" finished-at="2020-01-20T23:39:49Z">
          <reporter-output>
            <line>
              <![CDATA[validateActiTimeLogoTest method - ]]>
            </line>
          </reporter-output>
        </test-method> <!-- validateActiTimeLogoTest -->
        <test-method status="PASS" signature="quit(org.testng.ITestResult)[pri:0, instance:testcase.LoginPageTest@4cdbe50f]" name="quit" is-config="true" duration-ms="720" started-at="2020-01-20T23:39:49Z" finished-at="2020-01-20T23:39:50Z">
          <params>
            <param index="0">
              <value>
                <![CDATA[[TestResult name=validateActiTimeLogoTest status=SUCCESS method=LoginPageTest.validateActiTimeLogoTest()[pri:2, instance:testcase.LoginPageTest@4cdbe50f] output=validateActiTimeLogoTest method - ]]]>
              </value>
            </param>
          </params>
          <reporter-output>
          </reporter-output>
        </test-method> <!-- quit -->
        <test-method status="PASS" signature="setUp()[pri:0, instance:testcase.LoginPageTest@4cdbe50f]" name="setUp" is-config="true" duration-ms="21081" started-at="2020-01-20T23:39:50Z" finished-at="2020-01-20T23:40:11Z">
          <reporter-output>
            <line>
              <![CDATA[@BeforeTest method - ]]>
            </line>
          </reporter-output>
        </test-method> <!-- setUp -->
        <test-method status="PASS" signature="validateLoginTest()[pri:3, instance:testcase.LoginPageTest@4cdbe50f]" name="validateLoginTest" duration-ms="2521" started-at="2020-01-20T23:40:11Z" finished-at="2020-01-20T23:40:13Z">
          <reporter-output>
            <line>
              <![CDATA[validateLoginTest method - ]]>
            </line>
          </reporter-output>
        </test-method> <!-- validateLoginTest -->
        <test-method status="PASS" signature="quit(org.testng.ITestResult)[pri:0, instance:testcase.LoginPageTest@4cdbe50f]" name="quit" is-config="true" duration-ms="739" started-at="2020-01-20T23:40:13Z" finished-at="2020-01-20T23:40:14Z">
          <params>
            <param index="0">
              <value>
                <![CDATA[[TestResult name=validateLoginTest status=SUCCESS method=LoginPageTest.validateLoginTest()[pri:3, instance:testcase.LoginPageTest@4cdbe50f] output=validateLoginTest method - ]]]>
              </value>
            </param>
          </params>
          <reporter-output>
          </reporter-output>
        </test-method> <!-- quit -->
      </class> <!-- testcase.LoginPageTest -->
    </test> <!-- Test -->
  </suite> <!-- Suite -->
</testng-results>
